2023-09-04 11:49:14,176 [INFO] Activator:176 - 


2023-09-04 11:49:14,188 [INFO] Activator:177 - !SESSION log4j initialized
2023-09-04 11:49:20,918 [INFO] LogOutputStream:77 - [STDOUT_REDIRECT] 
2023-09-04 11:49:25,163 [INFO] ApplicationProperties:184 - Using Application install path: C:\ST\STM32CubeIDE_1.13.0\STM32CubeIDE\plugins\com.st.stm32cube.common.mx_6.9.0.202307051724
2023-09-04 11:49:25,200 [INFO] DbMcusXml:78 - Set database path to: C:\ST\STM32CubeIDE_1.13.0\STM32CubeIDE\plugins\com.st.stm32cube.common.mx_6.9.0.202307051724\\db\/mcu/
2023-09-04 11:49:25,201 [INFO] ApiDb:274 - Set plugin database path to: C:\ST\STM32CubeIDE_1.13.0\STM32CubeIDE\plugins\com.st.stm32cube.common.mx_6.9.0.202307051724\\db\/plugins/boardmanager/
2023-09-04 11:49:25,202 [WARN] ApiDb:259 - Overriding images path with different value:  => C:\ST\STM32CubeIDE_1.13.0\STM32CubeIDE\plugins\com.st.stm32cube.common.mx_6.9.0.202307051724\\db\/plugins/mcufinder/images/
2023-09-04 11:49:25,228 [INFO] ApiDb:250 - Set database path to: C:\Users\sunny\.stmcufinder\plugins\mcufinder//mcu/
2023-09-04 11:49:25,230 [INFO] DbMcusAds:125 - Set database path to: C:\Users\sunny\.stmcufinder\plugins\mcufinder//mcu/
2023-09-04 11:49:25,233 [INFO] CrossReferenceDbSqlite:203 - Set database path to: C:\Users\sunny\.stmcufinder\plugins\mcufinder//mcu/cs/
2023-09-04 11:49:25,446 [INFO] RulesReader:64 - Compatibility file has been processed (293 Rules)
2023-09-04 11:49:25,629 [INFO] DbMcusXml:78 - Set database path to: C:\ST\STM32CubeIDE_1.13.0\STM32CubeIDE\plugins\com.st.stm32cube.common.mx_6.9.0.202307051724\\db\/mcu/
2023-09-04 11:49:25,630 [INFO] ApiDb:274 - Set plugin database path to: C:\ST\STM32CubeIDE_1.13.0\STM32CubeIDE\plugins\com.st.stm32cube.common.mx_6.9.0.202307051724\\db\/plugins/boardmanager/
2023-09-04 11:49:25,631 [INFO] ApiDb:261 - Set plugin images path to: C:\ST\STM32CubeIDE_1.13.0\STM32CubeIDE\plugins\com.st.stm32cube.common.mx_6.9.0.202307051724\\db\/plugins/mcufinder/images/
2023-09-04 11:49:25,632 [WARN] DbFile:41 - Overriding database path with different value: C:\Users\sunny\.stmcufinder\plugins\mcufinder/ => C:\Users\sunny\.stmcufinder\plugins\mcufinder
2023-09-04 11:49:25,632 [INFO] ApiDb:250 - Set database path to: C:\Users\sunny\.stmcufinder\plugins\mcufinder//mcu/
2023-09-04 11:49:25,632 [WARN] DbFile:41 - Overriding database path with different value: C:\Users\sunny\.stmcufinder\plugins\mcufinder/ => C:\Users\sunny\.stmcufinder\plugins\mcufinder
2023-09-04 11:49:25,632 [INFO] DbMcusAds:125 - Set database path to: C:\Users\sunny\.stmcufinder\plugins\mcufinder//mcu/
2023-09-04 11:49:25,632 [WARN] DbFile:41 - Overriding database path with different value: C:\Users\sunny\.stmcufinder\plugins\mcufinder/ => C:\Users\sunny\.stmcufinder\plugins\mcufinder
2023-09-04 11:49:25,632 [WARN] DbFile:41 - Overriding database path with different value: C:\Users\sunny\.stmcufinder\plugins\mcufinder/ => C:\Users\sunny\.stmcufinder\plugins\mcufinder
2023-09-04 11:49:25,633 [INFO] CrossReferenceDbSqlite:203 - Set database path to: C:\Users\sunny\.stmcufinder\plugins\mcufinder//mcu/cs/
2023-09-04 11:49:25,796 [INFO] MainPanel:262 - HeapMemory: 268435456
2023-09-04 11:49:26,004 [INFO] DbMcusXml:78 - Set database path to: C:\ST\STM32CubeIDE_1.13.0\STM32CubeIDE\plugins\com.st.stm32cube.common.mx_6.9.0.202307051724\\db\/mcu/
2023-09-04 11:49:26,004 [INFO] ApiDb:274 - Set plugin database path to: C:\ST\STM32CubeIDE_1.13.0\STM32CubeIDE\plugins\com.st.stm32cube.common.mx_6.9.0.202307051724\\db\/plugins/boardmanager/
2023-09-04 11:49:26,005 [INFO] ApiDb:261 - Set plugin images path to: C:\ST\STM32CubeIDE_1.13.0\STM32CubeIDE\plugins\com.st.stm32cube.common.mx_6.9.0.202307051724\\db\/plugins/mcufinder/images/
2023-09-04 11:49:26,005 [WARN] DbFile:41 - Overriding database path with different value: C:\Users\sunny\.stmcufinder\plugins\mcufinder/ => C:\Users\sunny\.stmcufinder\plugins\mcufinder
2023-09-04 11:49:26,007 [INFO] ApiDb:250 - Set database path to: C:\Users\sunny\.stmcufinder\plugins\mcufinder//mcu/
2023-09-04 11:49:26,007 [WARN] DbFile:41 - Overriding database path with different value: C:\Users\sunny\.stmcufinder\plugins\mcufinder/ => C:\Users\sunny\.stmcufinder\plugins\mcufinder
2023-09-04 11:49:26,007 [INFO] DbMcusAds:125 - Set database path to: C:\Users\sunny\.stmcufinder\plugins\mcufinder//mcu/
2023-09-04 11:49:26,007 [WARN] DbFile:41 - Overriding database path with different value: C:\Users\sunny\.stmcufinder\plugins\mcufinder/ => C:\Users\sunny\.stmcufinder\plugins\mcufinder
2023-09-04 11:49:26,008 [WARN] DbFile:41 - Overriding database path with different value: C:\Users\sunny\.stmcufinder\plugins\mcufinder/ => C:\Users\sunny\.stmcufinder\plugins\mcufinder
2023-09-04 11:49:26,008 [INFO] CrossReferenceDbSqlite:203 - Set database path to: C:\Users\sunny\.stmcufinder\plugins\mcufinder//mcu/cs/
2023-09-04 11:49:26,044 [INFO] ApplicationProperties:184 - Using Application install path: C:\ST\STM32CubeIDE_1.13.0\STM32CubeIDE\plugins\com.st.stm32cube.common.mx_6.9.0.202307051724
2023-09-04 11:49:26,047 [INFO] PluginManage:196 - Search for loadable plugins [exclusion list=, ]
2023-09-04 11:49:26,049 [INFO] PluginManage:310 - Check plugin analytics
2023-09-04 11:49:26,429 [INFO] AnalyticsPlugin:253 - Accepted Software Licenses: 
2023-09-04 11:49:26,430 [INFO] AnalyticsPlugin:255 - Accepted CMSIS Pack Licenses: 
2023-09-04 11:49:26,430 [INFO] AnalyticsPlugin:257 - Accepted Firmware Licenses: FW.F7.1.17.0
2023-09-04 11:49:26,437 [INFO] PluginManage:359 - Loaded plugin analytics (category:tool,tabindex:-1)
2023-09-04 11:49:26,438 [INFO] PluginManage:310 - Check plugin cadmodel
2023-09-04 11:49:26,465 [INFO] CADModel:105 - Init CAD model plugin
2023-09-04 11:49:26,465 [INFO] PluginManage:359 - Loaded plugin cadmodel (category:power,tabindex:5)
2023-09-04 11:49:26,465 [INFO] PluginManage:310 - Check plugin clock
2023-09-04 11:49:26,504 [INFO] PluginManage:359 - Loaded plugin clock (category:base,tabindex:2)
2023-09-04 11:49:26,504 [INFO] PluginManage:310 - Check plugin ddr
2023-09-04 11:49:26,508 [INFO] PluginManage:359 - Loaded plugin ddr (category:tool,tabindex:6)
2023-09-04 11:49:26,508 [INFO] PluginManage:310 - Check plugin filemanager
2023-09-04 11:49:26,759 [INFO] PluginManage:359 - Loaded plugin filemanager (category:base,tabindex:10)
2023-09-04 11:49:26,760 [INFO] PluginManage:310 - Check plugin ipmanager
2023-09-04 11:49:26,778 [INFO] PluginManage:359 - Loaded plugin ipmanager (category:base,tabindex:5)
2023-09-04 11:49:26,778 [INFO] PluginManage:310 - Check plugin lpbam
2023-09-04 11:49:26,807 [INFO] PluginManage:359 - Loaded plugin lpbam (category:base,tabindex:0)
2023-09-04 11:49:26,807 [INFO] PluginManage:310 - Check plugin memorymap
2023-09-04 11:49:26,856 [INFO] PluginManage:359 - Loaded plugin memorymap (category:base,tabindex:4)
2023-09-04 11:49:26,856 [INFO] PluginManage:310 - Check plugin pinoutandconfiguration
2023-09-04 11:49:26,886 [INFO] PluginManage:359 - Loaded plugin pinoutandconfiguration (category:base,tabindex:1)
2023-09-04 11:49:26,886 [INFO] PluginManage:310 - Check plugin pinoutconfig
2023-09-04 11:49:27,070 [WARN] SupportedApi:132 - Cannot load RTOS API schema: s4s-elt-must-match.1: The content of 'definitions' must match (annotation?, (simpleType | complexType)?, (unique | key | keyref)*)). A problem was found starting at: attribute.
2023-09-04 11:49:27,406 [INFO] PluginManage:359 - Loaded plugin pinoutconfig (category:base,tabindex:0)
2023-09-04 11:49:27,406 [INFO] PluginManage:310 - Check plugin power
2023-09-04 11:49:27,452 [INFO] PluginManage:359 - Loaded plugin power (category:power,tabindex:4)
2023-09-04 11:49:27,453 [INFO] PluginManage:310 - Check plugin projectmanager
2023-09-04 11:49:27,481 [INFO] PluginManage:359 - Loaded plugin projectmanager (category:projectmanager,tabindex:3)
2023-09-04 11:49:27,482 [INFO] PluginManage:310 - Check plugin thirdparty
2023-09-04 11:49:27,971 [INFO] PluginManage:359 - Loaded plugin thirdparty (category:base,tabindex:-1)
2023-09-04 11:49:27,971 [INFO] PluginManage:310 - Check plugin tools
2023-09-04 11:49:27,971 [WARN] IntegrityCheckThread:84 - waiting for thirdparty lock release [integrity check]
2023-09-04 11:49:27,971 [INFO] IntegrityCheckThread:86 - entering critical section [integrity check]
2023-09-04 11:49:27,972 [INFO] ThirdPartyUpdaterWithRetryManager:70 - Updater plugin not ready yet. [1/15]
2023-09-04 11:49:28,046 [INFO] PluginManage:359 - Loaded plugin tools (category:base,tabindex:7)
2023-09-04 11:49:28,046 [INFO] PluginManage:310 - Check plugin tutovideos
2023-09-04 11:49:28,403 [INFO] PluginManage:359 - Loaded plugin tutovideos (category:base,tabindex:-1)
2023-09-04 11:49:28,403 [INFO] PluginManage:310 - Check plugin updater
2023-09-04 11:49:28,422 [INFO] PluginManage:359 - Loaded plugin updater (category:base,tabindex:12)
2023-09-04 11:49:28,422 [INFO] PluginManage:310 - Check plugin userauth
2023-09-04 11:49:28,431 [INFO] UserAuth:113 - Init User Auth plugin
2023-09-04 11:49:28,432 [INFO] PluginManage:359 - Loaded plugin userauth (category:base,tabindex:14)
2023-09-04 11:49:28,432 [INFO] PluginManage:283 - PluginManage : Loaded plugins [17]
2023-09-04 11:49:28,846 [INFO] PinOutPanel:1499 - setPackage(No Configuration,No Configuration)
2023-09-04 11:49:29,047 [INFO] CADModel:165 - CPN selected for project level
2023-09-04 11:49:29,048 [INFO] CADModel:114 - Register for checkConnection events
2023-09-04 11:49:29,101 [INFO] IPUIPlugin:80 - create IPUIPlugin
2023-09-04 11:49:29,101 [INFO] PluginManager:220 - loadIPPluginJar : add adc
2023-09-04 11:49:29,168 [INFO] IPUIPlugin:80 - create IPUIPlugin
2023-09-04 11:49:29,168 [INFO] PluginManager:220 - loadIPPluginJar : add aes
2023-09-04 11:49:29,242 [INFO] IPUIPlugin:80 - create IPUIPlugin
2023-09-04 11:49:29,243 [INFO] PluginManager:220 - loadIPPluginJar : add can
2023-09-04 11:49:29,278 [INFO] IPUIPlugin:80 - create IPUIPlugin
2023-09-04 11:49:29,278 [INFO] PluginManager:220 - loadIPPluginJar : add comp
2023-09-04 11:49:29,334 [INFO] IPUIPlugin:80 - create IPUIPlugin
2023-09-04 11:49:29,335 [INFO] PluginManager:220 - loadIPPluginJar : add cryp
2023-09-04 11:49:29,389 [INFO] IPUIPlugin:80 - create IPUIPlugin
2023-09-04 11:49:29,389 [INFO] PluginManager:220 - loadIPPluginJar : add dfsdm
2023-09-04 11:49:29,408 [INFO] IPUIPlugin:80 - create IPUIPlugin
2023-09-04 11:49:29,409 [INFO] PluginManager:220 - loadIPPluginJar : add dma
2023-09-04 11:49:29,482 [INFO] IPUIPlugin:80 - create IPUIPlugin
2023-09-04 11:49:29,482 [INFO] PluginManager:220 - loadIPPluginJar : add dma3
2023-09-04 11:49:29,520 [INFO] IPUIPlugin:80 - create IPUIPlugin
2023-09-04 11:49:29,520 [INFO] PluginManager:220 - loadIPPluginJar : add fatfs
2023-09-04 11:49:29,593 [INFO] IPUIPlugin:80 - create IPUIPlugin
2023-09-04 11:49:29,593 [INFO] PluginManager:220 - loadIPPluginJar : add fmc
2023-09-04 11:49:29,612 [INFO] IPUIPlugin:80 - create IPUIPlugin
2023-09-04 11:49:29,613 [INFO] PluginManager:220 - loadIPPluginJar : add freertos
2023-09-04 11:49:29,648 [INFO] IPUIPlugin:80 - create IPUIPlugin
2023-09-04 11:49:29,649 [INFO] PluginManager:220 - loadIPPluginJar : add genericplugin
2023-09-04 11:49:29,796 [INFO] IPUIPlugin:80 - create IPUIPlugin
2023-09-04 11:49:29,797 [INFO] PluginManager:220 - loadIPPluginJar : add gfxmmu
2023-09-04 11:49:30,009 [INFO] IPUIPlugin:80 - create IPUIPlugin
2023-09-04 11:49:30,009 [INFO] PluginManager:220 - loadIPPluginJar : add gic
2023-09-04 11:49:30,031 [INFO] IPUIPlugin:80 - create IPUIPlugin
2023-09-04 11:49:30,031 [INFO] PluginManager:220 - loadIPPluginJar : add gpio
2023-09-04 11:49:30,169 [INFO] IPUIPlugin:80 - create IPUIPlugin
2023-09-04 11:49:30,170 [INFO] PluginManager:220 - loadIPPluginJar : add gtzc
2023-09-04 11:49:30,216 [INFO] IPUIPlugin:80 - create IPUIPlugin
2023-09-04 11:49:30,216 [INFO] PluginManager:220 - loadIPPluginJar : add hash
2023-09-04 11:49:30,297 [INFO] IPUIPlugin:80 - create IPUIPlugin
2023-09-04 11:49:30,297 [INFO] PluginManager:220 - loadIPPluginJar : add i2c
2023-09-04 11:49:30,350 [INFO] IPUIPlugin:80 - create IPUIPlugin
2023-09-04 11:49:30,350 [INFO] PluginManager:220 - loadIPPluginJar : add i2s
2023-09-04 11:49:30,411 [INFO] IPUIPlugin:80 - create IPUIPlugin
2023-09-04 11:49:30,412 [INFO] PluginManager:220 - loadIPPluginJar : add i3c
2023-09-04 11:49:30,552 [INFO] IPUIPlugin:80 - create IPUIPlugin
2023-09-04 11:49:30,553 [INFO] PluginManager:220 - loadIPPluginJar : add ipddr
2023-09-04 11:49:30,681 [INFO] IPUIPlugin:80 - create IPUIPlugin
2023-09-04 11:49:30,681 [INFO] PluginManager:220 - loadIPPluginJar : add linkedlist
2023-09-04 11:49:30,734 [INFO] IPUIPlugin:80 - create IPUIPlugin
2023-09-04 11:49:30,734 [INFO] PluginManager:220 - loadIPPluginJar : add lorawan
2023-09-04 11:49:30,784 [INFO] IPUIPlugin:80 - create IPUIPlugin
2023-09-04 11:49:30,785 [INFO] PluginManager:220 - loadIPPluginJar : add ltdc
2023-09-04 11:49:30,802 [INFO] IPUIPlugin:80 - create IPUIPlugin
2023-09-04 11:49:30,802 [INFO] PluginManager:220 - loadIPPluginJar : add mdma
2023-09-04 11:49:30,817 [INFO] IPUIPlugin:80 - create IPUIPlugin
2023-09-04 11:49:30,817 [INFO] PluginManager:220 - loadIPPluginJar : add nvic
2023-09-04 11:49:30,868 [INFO] IPUIPlugin:80 - create IPUIPlugin
2023-09-04 11:49:30,868 [INFO] PluginManager:220 - loadIPPluginJar : add opamp
2023-09-04 11:49:30,956 [INFO] IPUIPlugin:80 - create IPUIPlugin
2023-09-04 11:49:30,957 [INFO] PluginManager:220 - loadIPPluginJar : add openamp
2023-09-04 11:49:30,973 [INFO] ThirdPartyUpdaterWithRetryManager:70 - Updater plugin not ready yet. [2/15]
2023-09-04 11:49:31,020 [INFO] IPUIPlugin:80 - create IPUIPlugin
2023-09-04 11:49:31,020 [INFO] PluginManager:220 - loadIPPluginJar : add pdm2pcm
2023-09-04 11:49:31,044 [INFO] IPUIPlugin:80 - create IPUIPlugin
2023-09-04 11:49:31,048 [INFO] PluginManager:220 - loadIPPluginJar : add plateformsettings
2023-09-04 11:49:31,078 [INFO] IPUIPlugin:80 - create IPUIPlugin
2023-09-04 11:49:31,079 [INFO] PluginManager:220 - loadIPPluginJar : add quadspi
2023-09-04 11:49:31,098 [INFO] IPUIPlugin:80 - create IPUIPlugin
2023-09-04 11:49:31,098 [INFO] PluginManager:220 - loadIPPluginJar : add resmgrutility
2023-09-04 11:49:31,172 [INFO] IPUIPlugin:80 - create IPUIPlugin
2023-09-04 11:49:31,172 [INFO] PluginManager:220 - loadIPPluginJar : add sai
2023-09-04 11:49:31,226 [INFO] IPUIPlugin:80 - create IPUIPlugin
2023-09-04 11:49:31,226 [INFO] PluginManager:220 - loadIPPluginJar : add spi
2023-09-04 11:49:31,313 [INFO] IPUIPlugin:80 - create IPUIPlugin
2023-09-04 11:49:31,314 [INFO] PluginManager:220 - loadIPPluginJar : add stm32_wpan
2023-09-04 11:49:31,342 [INFO] IPUIPlugin:80 - create IPUIPlugin
2023-09-04 11:49:31,342 [INFO] PluginManager:220 - loadIPPluginJar : add tim
2023-09-04 11:49:31,421 [INFO] IPUIPlugin:80 - create IPUIPlugin
2023-09-04 11:49:31,421 [INFO] PluginManager:220 - loadIPPluginJar : add touchsensing
2023-09-04 11:49:31,455 [INFO] IPUIPlugin:80 - create IPUIPlugin
2023-09-04 11:49:31,455 [INFO] PluginManager:220 - loadIPPluginJar : add tracer_emb
2023-09-04 11:49:31,481 [INFO] IPUIPlugin:80 - create IPUIPlugin
2023-09-04 11:49:31,481 [INFO] PluginManager:220 - loadIPPluginJar : add ts
2023-09-04 11:49:31,514 [INFO] IPUIPlugin:80 - create IPUIPlugin
2023-09-04 11:49:31,514 [INFO] PluginManager:220 - loadIPPluginJar : add tsc
2023-09-04 11:49:31,541 [INFO] IPUIPlugin:80 - create IPUIPlugin
2023-09-04 11:49:31,541 [INFO] PluginManager:220 - loadIPPluginJar : add ucpd
2023-09-04 11:49:31,600 [INFO] IPUIPlugin:80 - create IPUIPlugin
2023-09-04 11:49:31,600 [INFO] PluginManager:220 - loadIPPluginJar : add usart
2023-09-04 11:49:31,657 [INFO] IPUIPlugin:80 - create IPUIPlugin
2023-09-04 11:49:31,657 [INFO] PluginManager:220 - loadIPPluginJar : add usbx
2023-09-04 11:49:31,793 [INFO] CADModel:165 - CPN selected for project level
2023-09-04 11:49:31,794 [INFO] CADModel:114 - Register for checkConnection events
2023-09-04 11:49:31,794 [FATAL] Updater:308 - Updater called before beeing initialized
2023-09-04 11:49:31,794 [ERROR] CADModel:125 - Updater not yet initialized, retry later 
2023-09-04 11:49:31,972 [INFO] CADModel:165 - CPN selected for project level
2023-09-04 11:49:31,973 [INFO] CADModel:114 - Register for checkConnection events
2023-09-04 11:49:31,973 [FATAL] Updater:308 - Updater called before beeing initialized
2023-09-04 11:49:31,973 [ERROR] CADModel:125 - Updater not yet initialized, retry later 
2023-09-04 11:49:31,980 [FATAL] Updater:308 - Updater called before beeing initialized
2023-09-04 11:49:32,159 [FATAL] Updater:308 - Updater called before beeing initialized
2023-09-04 11:49:32,185 [INFO] DbMcusAds:53 - JSON generation date=Thu Sep 30 13:55:09 GMT+07:00 2021 (1632984909247)
2023-09-04 11:49:32,186 [FATAL] Updater:308 - Updater called before beeing initialized
2023-09-04 11:49:32,303 [WARN] DetailPanel:346 - Failed to get advertising image, set to default
2023-09-04 11:49:32,421 [FATAL] Updater:308 - Updater called before beeing initialized
2023-09-04 11:49:32,424 [FATAL] Updater:308 - Updater called before beeing initialized
2023-09-04 11:49:32,424 [FATAL] Updater:308 - Updater called before beeing initialized
2023-09-04 11:49:32,424 [WARN] DetailPanel:346 - Failed to get advertising image, set to default
2023-09-04 11:49:32,425 [FATAL] Updater:308 - Updater called before beeing initialized
2023-09-04 11:49:32,508 [ERROR] Updater:1120 - MainUpdater not yet initialized. External WinMGr cannot be set.
2023-09-04 11:49:32,525 [INFO] Updater:1056 - Updater Version found : 6.9.0
2023-09-04 11:49:32,548 [INFO] ApplicationProperties:184 - Using Application install path: C:\ST\STM32CubeIDE_1.13.0\STM32CubeIDE\plugins\com.st.stm32cube.common.mx_6.9.0.202307051724
2023-09-04 11:49:32,721 [INFO] MainUpdater:2868 - connection check result : 10
2023-09-04 11:49:32,721 [INFO] MainUpdater:3562 - Updater definition file requires update
2023-09-04 11:49:32,723 [INFO] MainUpdater:285 - Updater Check For Update Now.
2023-09-04 11:49:32,724 [INFO] MicroXplorer:498 - Change Database Version : DB.6.0.90
2023-09-04 11:49:32,753 [INFO] ServerAccessManage:473 - Download File updaters.zip
2023-09-04 11:49:32,757 [INFO] McuFinderGlobals:63 - Set McuFinder mode to 2 (CubeIDE integrated)
2023-09-04 11:49:32,875 [INFO] FileExtend:240 - Unzip File : updaters.zip
2023-09-04 11:49:32,875 [INFO] FileExtend:255 - Standard Zip Deflate
2023-09-04 11:49:33,975 [WARN] MainUpdater:1189 - Updater busy. Cannot search thirdparties
2023-09-04 11:49:33,976 [INFO] ThirdPartyUpdaterWithRetryManager:96 - Updater plugin is busy. [1/15]
2023-09-04 11:49:34,096 [INFO] ServerAccessManage:473 - Download File PacksControlFlags.xml
2023-09-04 11:49:34,399 [INFO] ServerAccessManage:473 - Download File cubemx.pidx
2023-09-04 11:49:35,421 [INFO] ServerAccessManage:473 - Download File STMicroelectronics.FP-ATR-ASTRA1.pdsc
2023-09-04 11:49:36,977 [WARN] MainUpdater:1189 - Updater busy. Cannot search thirdparties
2023-09-04 11:49:36,977 [INFO] ThirdPartyUpdaterWithRetryManager:96 - Updater plugin is busy. [2/15]
2023-09-04 11:49:37,454 [INFO] ServerAccessManage:473 - Download File STMicroelectronics.FP-ATR-SIGFOX1.pdsc
2023-09-04 11:49:38,463 [INFO] ServerAccessManage:473 - Download File STMicroelectronics.FP-SNS-FLIGHT1.pdsc
2023-09-04 11:49:39,978 [WARN] MainUpdater:1189 - Updater busy. Cannot search thirdparties
2023-09-04 11:49:39,978 [INFO] ThirdPartyUpdaterWithRetryManager:96 - Updater plugin is busy. [3/15]
2023-09-04 11:49:40,238 [INFO] ServerAccessManage:473 - Download File STMicroelectronics.FP-SNS-MOTENV1.pdsc
2023-09-04 11:49:42,081 [INFO] ServerAccessManage:473 - Download File STMicroelectronics.X-CUBE-AI.pdsc
2023-09-04 11:49:42,981 [WARN] MainUpdater:1189 - Updater busy. Cannot search thirdparties
2023-09-04 11:49:42,981 [INFO] ThirdPartyUpdaterWithRetryManager:96 - Updater plugin is busy. [4/15]
2023-09-04 11:49:45,981 [WARN] MainUpdater:1189 - Updater busy. Cannot search thirdparties
2023-09-04 11:49:45,981 [INFO] ThirdPartyUpdaterWithRetryManager:96 - Updater plugin is busy. [5/15]
2023-09-04 11:49:48,983 [WARN] MainUpdater:1189 - Updater busy. Cannot search thirdparties
2023-09-04 11:49:48,983 [INFO] ThirdPartyUpdaterWithRetryManager:96 - Updater plugin is busy. [6/15]
2023-09-04 11:49:49,598 [INFO] ServerAccessManage:473 - Download File STMicroelectronics.X-CUBE-ALS.pdsc
2023-09-04 11:49:51,040 [INFO] ServerAccessManage:473 - Download File STMicroelectronics.X-CUBE-BLE1.pdsc
2023-09-04 11:49:51,984 [WARN] MainUpdater:1189 - Updater busy. Cannot search thirdparties
2023-09-04 11:49:51,984 [INFO] ThirdPartyUpdaterWithRetryManager:96 - Updater plugin is busy. [7/15]
2023-09-04 11:49:54,559 [ERROR] LogOutputStream:75 - [STDERR_REDIRECT] SLF4J: Failed to load class "org.slf4j.impl.StaticLoggerBinder".
2023-09-04 11:49:54,560 [ERROR] LogOutputStream:75 - [STDERR_REDIRECT] SLF4J: Defaulting to no-operation (NOP) logger implementation
2023-09-04 11:49:54,566 [ERROR] LogOutputStream:75 - [STDERR_REDIRECT] SLF4J: See http://www.slf4j.org/codes.html#StaticLoggerBinder for further details.
2023-09-04 11:49:54,986 [WARN] MainUpdater:1189 - Updater busy. Cannot search thirdparties
2023-09-04 11:49:54,986 [INFO] ThirdPartyUpdaterWithRetryManager:96 - Updater plugin is busy. [8/15]
2023-09-04 11:49:57,463 [ERROR] ServerAccessManage:1089 - Problem, file not found on Server
2023-09-04 11:49:57,937 [INFO] ServerAccessManage:473 - Download File STMicroelectronics.X-CUBE-BLE2.pdsc
2023-09-04 11:49:57,987 [WARN] MainUpdater:1189 - Updater busy. Cannot search thirdparties
2023-09-04 11:49:57,987 [INFO] ThirdPartyUpdaterWithRetryManager:96 - Updater plugin is busy. [9/15]
2023-09-04 11:50:00,987 [WARN] MainUpdater:1189 - Updater busy. Cannot search thirdparties
2023-09-04 11:50:00,987 [INFO] ThirdPartyUpdaterWithRetryManager:96 - Updater plugin is busy. [10/15]
2023-09-04 11:50:01,884 [INFO] ServerAccessManage:473 - Download File STMicroelectronics.X-CUBE-BLEMGR.pdsc
2023-09-04 11:50:03,988 [WARN] MainUpdater:1189 - Updater busy. Cannot search thirdparties
2023-09-04 11:50:03,988 [INFO] ThirdPartyUpdaterWithRetryManager:96 - Updater plugin is busy. [11/15]
2023-09-04 11:50:04,957 [INFO] ServerAccessManage:473 - Download File STMicroelectronics.X-CUBE-DISPLAY.pdsc
2023-09-04 11:50:06,990 [WARN] MainUpdater:1189 - Updater busy. Cannot search thirdparties
2023-09-04 11:50:06,990 [INFO] ThirdPartyUpdaterWithRetryManager:96 - Updater plugin is busy. [12/15]
2023-09-04 11:50:08,239 [INFO] ServerAccessManage:473 - Download File STMicroelectronics.X-CUBE-EEPRMA1.pdsc
2023-09-04 11:50:09,187 [ERROR] ServerAccessManage:1089 - Problem, file not found on Server
2023-09-04 11:50:09,990 [WARN] MainUpdater:1189 - Updater busy. Cannot search thirdparties
2023-09-04 11:50:09,990 [INFO] ThirdPartyUpdaterWithRetryManager:96 - Updater plugin is busy. [13/15]
2023-09-04 11:50:10,641 [INFO] ServerAccessManage:473 - Download File STMicroelectronics.X-CUBE-FREERTOS.pdsc
2023-09-04 11:50:11,158 [INFO] ServerAccessManage:473 - Download File STMicroelectronics.X-CUBE-GNSS1.pdsc
2023-09-04 11:50:12,993 [WARN] MainUpdater:1189 - Updater busy. Cannot search thirdparties
2023-09-04 11:50:12,993 [INFO] ThirdPartyUpdaterWithRetryManager:96 - Updater plugin is busy. [14/15]
2023-09-04 11:50:15,741 [ERROR] ServerAccessManage:1089 - Problem, file not found on Server
2023-09-04 11:50:15,993 [WARN] MainUpdater:1189 - Updater busy. Cannot search thirdparties
2023-09-04 11:50:15,993 [INFO] ThirdPartyUpdaterWithRetryManager:96 - Updater plugin is busy. [15/15]
2023-09-04 11:50:15,993 [ERROR] IntegrityCheckThread:130 - Cannot retrieve database content from updater: error -1
2023-09-04 11:50:15,994 [INFO] ThirdParty:978 - Integrity check success = false
2023-09-04 11:50:15,994 [INFO] IntegrityCheckThread:100 - exiting critical section [integrity check]
2023-09-04 11:50:15,994 [INFO] IntegrityCheckThread:103 - End integrity checks thread
2023-09-04 11:50:16,215 [ERROR] ServerAccessManage:1089 - Problem, file not found on Server
2023-09-04 11:50:16,709 [ERROR] ServerAccessManage:1089 - Problem, file not found on Server
2023-09-04 11:50:17,177 [ERROR] ServerAccessManage:1089 - Problem, file not found on Server
2023-09-04 11:50:17,663 [ERROR] ServerAccessManage:1089 - Problem, file not found on Server
2023-09-04 11:50:18,144 [ERROR] ServerAccessManage:1089 - Problem, file not found on Server
2023-09-04 11:50:18,640 [INFO] ServerAccessManage:473 - Download File STMicroelectronics.X-CUBE-ISPU.pdsc
2023-09-04 11:50:20,121 [INFO] ServerAccessManage:473 - Download File STMicroelectronics.X-CUBE-MEMS1.pdsc
2023-09-04 11:50:22,990 [INFO] MainUpdater:2868 - connection check result : 10
2023-09-04 11:50:30,649 [INFO] ServerAccessManage:473 - Download File STMicroelectronics.X-CUBE-NFC4.pdsc
2023-09-04 11:50:36,863 [INFO] ServerAccessManage:473 - Download File STMicroelectronics.X-CUBE-NFC7.pdsc
2023-09-04 11:50:38,286 [INFO] ServerAccessManage:473 - Download File STMicroelectronics.X-CUBE-SFXS2LP1.pdsc
2023-09-04 11:50:40,626 [INFO] ServerAccessManage:473 - Download File STMicroelectronics.X-CUBE-SUBG2.pdsc
2023-09-04 11:50:45,039 [INFO] ServerAccessManage:473 - Download File STMicroelectronics.X-CUBE-SMBUS.pdsc
2023-09-04 11:50:45,991 [ERROR] ServerAccessManage:1089 - Problem, file not found on Server
2023-09-04 11:50:46,482 [INFO] ServerAccessManage:473 - Download File STMicroelectronics.X-CUBE-TOF1.pdsc
2023-09-04 11:50:49,677 [ERROR] ServerAccessManage:1089 - Problem, file not found on Server
2023-09-04 11:50:50,378 [INFO] ServerAccessManage:473 - Download File STMicroelectronics.X-CUBE-TOUCHGFX.pdsc
2023-09-04 11:50:57,192 [INFO] MainUpdater:2868 - connection check result : 10
2023-09-04 11:50:58,176 [INFO] ServerAccessManage:473 - Download File STMicroelectronics.X-CUBE-ALGOBUILD.pdsc
2023-09-04 11:51:00,745 [INFO] ServerAccessManage:473 - Download File STMicroelectronics.X-CUBE-AZRTOS-H7.pdsc
2023-09-04 11:51:04,028 [INFO] ServerAccessManage:473 - Download File STMicroelectronics.X-CUBE-AZRTOS-F4.pdsc
2023-09-04 11:51:05,556 [INFO] ServerAccessManage:473 - Download File STMicroelectronics.X-CUBE-AZRTOS-F7.pdsc
2023-09-04 11:51:07,019 [INFO] ServerAccessManage:473 - Download File STMicroelectronics.X-CUBE-AZRTOS-L4.pdsc
2023-09-04 11:51:08,293 [INFO] ServerAccessManage:473 - Download File STMicroelectronics.X-CUBE-AZRTOS-L5.pdsc
2023-09-04 11:51:10,220 [INFO] ServerAccessManage:473 - Download File STMicroelectronics.X-CUBE-AZRTOS-G0.pdsc
2023-09-04 11:51:11,698 [INFO] ServerAccessManage:473 - Download File STMicroelectronics.X-CUBE-AZRTOS-G4.pdsc
2023-09-04 11:51:13,150 [INFO] ServerAccessManage:473 - Download File STMicroelectronics.X-CUBE-AZRTOS-WB.pdsc
2023-09-04 11:51:14,391 [INFO] ServerAccessManage:473 - Download File STMicroelectronics.X-CUBE-AZRTOS-WL.pdsc
2023-09-04 11:51:16,510 [INFO] ServerAccessManage:473 - Download File wolfSSL.I-CUBE-wolfSSL.pdsc
2023-09-04 11:51:22,805 [ERROR] ServerAccessManage:1089 - Problem, file not found on Server
2023-09-04 11:51:23,393 [ERROR] ServerAccessManage:1089 - Problem, file not found on Server
2023-09-04 11:51:23,985 [ERROR] ServerAccessManage:1089 - Problem, file not found on Server
2023-09-04 11:51:25,065 [ERROR] ServerAccessManage:1096 - Problem, Http access forbiden
2023-09-04 11:51:25,065 [ERROR] ServerAccessManage:651 - Problem, Http access forbiden : RoweBots.I-CUBE-UNISONRTOS.pdsc.
2023-09-04 11:51:25,838 [INFO] ServerAccessManage:473 - Download File SEGGER.I-CUBE-embOS.pdsc
2023-09-04 11:51:28,106 [INFO] ServerAccessManage:473 - Download File portGmbH.I-Cube-SoM-uGOAL.pdsc
2023-09-04 11:51:29,765 [ERROR] ServerAccessManage:1089 - Problem, file not found on Server
2023-09-04 11:51:29,928 [ERROR] ServerAccessManage:1089 - Problem, file not found on Server
2023-09-04 11:51:30,091 [ERROR] ServerAccessManage:1089 - Problem, file not found on Server
2023-09-04 11:51:31,067 [INFO] ServerAccessManage:473 - Download File emotas.I-CUBE-CANOPEN.pdsc
2023-09-04 11:51:32,676 [INFO] ServerAccessManage:473 - Download File WES.I-CUBE-Cesium.pdsc
2023-09-04 11:51:35,129 [ERROR] ServerAccessManage:1089 - Problem, file not found on Server
2023-09-04 11:51:35,970 [ERROR] ServerAccessManage:1089 - Problem, file not found on Server
2023-09-04 11:51:36,030 [WARN] PackLoader:240 - Cannot read IP mode file for STMicroelectronics.FP-ATR-ASTRA1.2.0.0
2023-09-04 11:51:36,044 [WARN] PackLoader:240 - Cannot read IP mode file for STMicroelectronics.FP-ATR-SIGFOX1.3.2.0
2023-09-04 11:51:36,056 [WARN] PackLoader:240 - Cannot read IP mode file for STMicroelectronics.FP-SNS-FLIGHT1.5.0.2
2023-09-04 11:51:36,068 [WARN] PackLoader:240 - Cannot read IP mode file for STMicroelectronics.FP-SNS-MOTENV1.4.3.2
2023-09-04 11:51:36,082 [WARN] PackLoader:240 - Cannot read IP mode file for STMicroelectronics.X-CUBE-AI.8.1.0
2023-09-04 11:51:36,095 [WARN] PackLoader:240 - Cannot read IP mode file for STMicroelectronics.X-CUBE-ALS.1.0.1
2023-09-04 11:51:36,106 [WARN] PackLoader:240 - Cannot read IP mode file for STMicroelectronics.X-CUBE-BLE1.7.0.0
2023-09-04 11:51:36,116 [WARN] PackLoader:240 - Cannot read IP mode file for STMicroelectronics.X-CUBE-BLE2.3.3.0
2023-09-04 11:51:36,134 [WARN] PackLoader:240 - Cannot read IP mode file for STMicroelectronics.X-CUBE-BLEMGR.2.0.0
2023-09-04 11:51:36,150 [WARN] PackLoader:240 - Cannot read IP mode file for STMicroelectronics.X-CUBE-DISPLAY.3.0.0
2023-09-04 11:51:36,160 [INFO] CheckServerUpdateThread:120 - End of CheckServer Thread
2023-09-04 11:51:36,165 [WARN] PackLoader:240 - Cannot read IP mode file for STMicroelectronics.X-CUBE-EEPRMA1.4.1.0
2023-09-04 11:51:36,178 [WARN] PackLoader:240 - Cannot read IP mode file for STMicroelectronics.X-CUBE-FREERTOS.1.1.0
2023-09-04 11:51:36,189 [WARN] PackLoader:240 - Cannot read IP mode file for STMicroelectronics.X-CUBE-GNSS1.6.0.0
2023-09-04 11:51:36,200 [WARN] PackLoader:240 - Cannot read IP mode file for STMicroelectronics.X-CUBE-ISPU.1.1.0
2023-09-04 11:51:36,246 [WARN] PackLoader:240 - Cannot read IP mode file for STMicroelectronics.X-CUBE-MEMS1.9.6.0
2023-09-04 11:51:36,365 [WARN] PackLoader:240 - Cannot read IP mode file for STMicroelectronics.X-CUBE-NFC4.3.0.0
2023-09-04 11:51:36,376 [WARN] PackLoader:240 - Cannot read IP mode file for STMicroelectronics.X-CUBE-NFC7.1.0.1
2023-09-04 11:51:36,387 [WARN] PackLoader:240 - Cannot read IP mode file for STMicroelectronics.X-CUBE-SFXS2LP1.4.0.0
2023-09-04 11:51:36,401 [WARN] PackLoader:240 - Cannot read IP mode file for STMicroelectronics.X-CUBE-SUBG2.5.0.0
2023-09-04 11:51:36,414 [WARN] PackLoader:240 - Cannot read IP mode file for STMicroelectronics.X-CUBE-SMBUS.2.1.0
2023-09-04 11:51:36,429 [WARN] PackLoader:240 - Cannot read IP mode file for STMicroelectronics.X-CUBE-TOF1.3.3.1
2023-09-04 11:51:36,444 [WARN] PackLoader:240 - Cannot read IP mode file for STMicroelectronics.X-CUBE-TOUCHGFX.4.22.0
2023-09-04 11:51:36,458 [WARN] PackLoader:240 - Cannot read IP mode file for STMicroelectronics.X-CUBE-ALGOBUILD.1.3.0
2023-09-04 11:51:36,482 [WARN] ConditionMgr:438 - getConditionDescription Invalid condition id : UX DEVICE CLASS RTOS Condition cause : null
2023-09-04 11:51:36,483 [WARN] ConditionMgr:438 - getConditionDescription Invalid condition id : UX DEVICE CLASS RTOS Condition cause : null
2023-09-04 11:51:36,486 [WARN] PackLoader:240 - Cannot read IP mode file for STMicroelectronics.X-CUBE-AZRTOS-H7.3.1.0
2023-09-04 11:51:36,488 [WARN] ConditionMgr:1039 - genDependencies : Invalid condition id : UX DEVICE CLASS RTOS Condition cause : null
2023-09-04 11:51:36,488 [WARN] ConditionMgr:1039 - genDependencies : Invalid condition id : UX DEVICE CLASS RTOS Condition cause : null
2023-09-04 11:51:36,489 [WARN] ConditionMgr:1039 - genDependencies : Invalid condition id : UX DEVICE CLASS RTOS Condition cause : null
2023-09-04 11:51:36,490 [WARN] ConditionMgr:1039 - genDependencies : Invalid condition id : UX DEVICE CLASS RTOS Condition cause : null
2023-09-04 11:51:36,490 [WARN] ConditionMgr:1039 - genDependencies : Invalid condition id : UX DEVICE CLASS RTOS Condition cause : null
2023-09-04 11:51:36,509 [WARN] PackLoader:240 - Cannot read IP mode file for STMicroelectronics.X-CUBE-AZRTOS-F4.1.1.0
2023-09-04 11:51:36,522 [WARN] PackLoader:240 - Cannot read IP mode file for STMicroelectronics.X-CUBE-AZRTOS-F7.1.1.0
2023-09-04 11:51:36,536 [WARN] ConditionMgr:438 - getConditionDescription Invalid condition id : LAN8742 Phy interface Condition cause : null
2023-09-04 11:51:36,537 [WARN] PackLoader:240 - Cannot read IP mode file for STMicroelectronics.X-CUBE-AZRTOS-L4.2.0.0
2023-09-04 11:51:36,538 [WARN] ConditionMgr:1039 - genDependencies : Invalid condition id : LAN8742 Phy interface Condition cause : null
2023-09-04 11:51:36,538 [WARN] ConditionMgr:1039 - genDependencies : Invalid condition id : LAN8742 Phy interface Condition cause : null
2023-09-04 11:51:36,538 [WARN] ConditionMgr:1039 - genDependencies : Invalid condition id : LAN8742 Phy interface Condition cause : null
2023-09-04 11:51:36,553 [WARN] PackLoader:240 - Cannot read IP mode file for STMicroelectronics.X-CUBE-AZRTOS-L5.2.0.0
2023-09-04 11:51:36,566 [WARN] PackLoader:240 - Cannot read IP mode file for STMicroelectronics.X-CUBE-AZRTOS-G0.1.1.0
2023-09-04 11:51:36,576 [WARN] PackLoader:240 - Cannot read IP mode file for STMicroelectronics.X-CUBE-AZRTOS-G4.2.0.0
2023-09-04 11:51:36,587 [WARN] ConditionMgr:438 - getConditionDescription Invalid condition id : UX DEVICE CLASS RTOS Condition cause : null
2023-09-04 11:51:36,587 [WARN] ConditionMgr:438 - getConditionDescription Invalid condition id : UX DEVICE CLASS RTOS Condition cause : null
2023-09-04 11:51:36,589 [WARN] PackLoader:240 - Cannot read IP mode file for STMicroelectronics.X-CUBE-AZRTOS-WB.2.0.0
2023-09-04 11:51:36,589 [WARN] ConditionMgr:1039 - genDependencies : Invalid condition id : UX DEVICE CLASS RTOS Condition cause : null
2023-09-04 11:51:36,590 [WARN] ConditionMgr:1039 - genDependencies : Invalid condition id : UX DEVICE CLASS RTOS Condition cause : null
2023-09-04 11:51:36,590 [WARN] ConditionMgr:1039 - genDependencies : Invalid condition id : UX DEVICE CLASS RTOS Condition cause : null
2023-09-04 11:51:36,590 [WARN] ConditionMgr:1039 - genDependencies : Invalid condition id : UX DEVICE CLASS RTOS Condition cause : null
2023-09-04 11:51:36,590 [WARN] ConditionMgr:1039 - genDependencies : Invalid condition id : UX DEVICE CLASS RTOS Condition cause : null
2023-09-04 11:51:36,596 [INFO] LogOutputStream:77 - [STDOUT_REDIRECT] 1 : Invalid condition id : UX_CORESTACK_Condition cause : null
2023-09-04 11:51:36,596 [INFO] LogOutputStream:77 - [STDOUT_REDIRECT] 1 : Invalid condition id : UX_CORESTACK_Condition cause : null
2023-09-04 11:51:36,597 [INFO] LogOutputStream:77 - [STDOUT_REDIRECT] 1 : Invalid condition id : UX_CORESTACK_Condition cause : null
2023-09-04 11:51:36,598 [INFO] LogOutputStream:77 - [STDOUT_REDIRECT] 1 : Invalid condition id : UX_CORESTACK_Condition cause : null
2023-09-04 11:51:36,599 [INFO] LogOutputStream:77 - [STDOUT_REDIRECT] 1 : Invalid condition id : UX_CORESTACK_Condition cause : null
2023-09-04 11:51:36,601 [WARN] PackLoader:240 - Cannot read IP mode file for STMicroelectronics.X-CUBE-AZRTOS-WL.2.0.0
2023-09-04 11:51:36,606 [WARN] PackLoader:240 - Cannot read IP mode file for wolfSSL.I-CUBE-wolfSSL.5.6.3
2023-09-04 11:51:36,625 [WARN] PackLoader:240 - Cannot read IP mode file for SEGGER.I-CUBE-embOS.1.3.1
2023-09-04 11:51:36,657 [WARN] PackLoader:240 - Cannot read IP mode file for portGmbH.I-Cube-SoM-uGOAL.1.1.0
2023-09-04 11:51:36,660 [WARN] PackLoader:240 - Cannot read IP mode file for emotas.I-CUBE-CANOPEN.1.3.0
2023-09-04 11:51:36,665 [WARN] PackLoader:240 - Cannot read IP mode file for WES.I-CUBE-Cesium.1.3.0
2023-09-04 11:51:36,665 [INFO] PopulateThirdPartyThread:66 - Ending populate Thread
2023-09-04 11:51:36,667 [INFO] ThirdParty:1030 - CMSIS Pack Vendor :STMicroelectronics X-CUBE-ISPU 1.1.0
2023-09-04 11:51:36,667 [INFO] ThirdParty:1030 - CMSIS Pack Vendor :STMicroelectronics X-CUBE-DISPLAY 3.0.0
2023-09-04 11:51:36,667 [INFO] ThirdParty:1030 - CMSIS Pack Vendor :STMicroelectronics X-CUBE-GNSS1 6.0.0
2023-09-04 11:51:36,667 [INFO] ThirdParty:1030 - CMSIS Pack Vendor :STMicroelectronics X-CUBE-AZRTOS-F4 1.1.0
2023-09-04 11:51:36,667 [INFO] ThirdParty:1030 - CMSIS Pack Vendor :STMicroelectronics FP-ATR-SIGFOX1 3.2.0
2023-09-04 11:51:36,667 [INFO] ThirdParty:1030 - CMSIS Pack Vendor :STMicroelectronics X-CUBE-BLE1 7.0.0
2023-09-04 11:51:36,667 [INFO] ThirdParty:1030 - CMSIS Pack Vendor :wolfSSL I-CUBE-wolfSSL 5.6.3
2023-09-04 11:51:36,667 [INFO] ThirdParty:1030 - CMSIS Pack Vendor :STMicroelectronics X-CUBE-SMBUS 2.1.0
2023-09-04 11:51:36,667 [INFO] ThirdParty:1030 - CMSIS Pack Vendor :STMicroelectronics X-CUBE-AZRTOS-WB 2.0.0
2023-09-04 11:51:36,667 [INFO] ThirdParty:1030 - CMSIS Pack Vendor :emotas I-CUBE-CANOPEN 1.3.0
2023-09-04 11:51:36,667 [INFO] ThirdParty:1030 - CMSIS Pack Vendor :STMicroelectronics X-CUBE-FREERTOS 1.1.0
2023-09-04 11:51:36,667 [INFO] ThirdParty:1030 - CMSIS Pack Vendor :STMicroelectronics X-CUBE-NFC7 1.0.1
2023-09-04 11:51:36,667 [INFO] ThirdParty:1030 - CMSIS Pack Vendor :STMicroelectronics X-CUBE-TOUCHGFX 4.22.0
2023-09-04 11:51:36,667 [INFO] ThirdParty:1030 - CMSIS Pack Vendor :STMicroelectronics X-CUBE-AZRTOS-F7 1.1.0
2023-09-04 11:51:36,667 [INFO] ThirdParty:1030 - CMSIS Pack Vendor :STMicroelectronics X-CUBE-AZRTOS-L5 2.0.0
2023-09-04 11:51:36,667 [INFO] ThirdParty:1030 - CMSIS Pack Vendor :STMicroelectronics X-CUBE-ALS 1.0.1
2023-09-04 11:51:36,667 [INFO] ThirdParty:1030 - CMSIS Pack Vendor :STMicroelectronics X-CUBE-EEPRMA1 4.1.0
2023-09-04 11:51:36,667 [INFO] ThirdParty:1030 - CMSIS Pack Vendor :portGmbH I-Cube-SoM-uGOAL 1.1.0
2023-09-04 11:51:36,667 [INFO] ThirdParty:1030 - CMSIS Pack Vendor :STMicroelectronics X-CUBE-MEMS1 9.6.0
2023-09-04 11:51:36,667 [INFO] ThirdParty:1030 - CMSIS Pack Vendor :STMicroelectronics FP-SNS-MOTENV1 4.3.2
2023-09-04 11:51:36,667 [INFO] ThirdParty:1030 - CMSIS Pack Vendor :STMicroelectronics X-CUBE-ALGOBUILD 1.3.0
2023-09-04 11:51:36,667 [INFO] ThirdParty:1030 - CMSIS Pack Vendor :STMicroelectronics X-CUBE-AZRTOS-WL 2.0.0
2023-09-04 11:51:36,667 [INFO] ThirdParty:1030 - CMSIS Pack Vendor :SEGGER I-CUBE-embOS 1.3.1
2023-09-04 11:51:36,668 [INFO] ThirdParty:1030 - CMSIS Pack Vendor :STMicroelectronics X-CUBE-AZRTOS-G0 1.1.0
2023-09-04 11:51:36,668 [INFO] ThirdParty:1030 - CMSIS Pack Vendor :STMicroelectronics X-CUBE-AI 8.1.0
2023-09-04 11:51:36,668 [INFO] ThirdParty:1030 - CMSIS Pack Vendor :STMicroelectronics X-CUBE-BLEMGR 2.0.0
2023-09-04 11:51:36,668 [INFO] ThirdParty:1030 - CMSIS Pack Vendor :STMicroelectronics X-CUBE-NFC4 3.0.0
2023-09-04 11:51:36,668 [INFO] ThirdParty:1030 - CMSIS Pack Vendor :STMicroelectronics X-CUBE-SUBG2 5.0.0
2023-09-04 11:51:36,668 [INFO] ThirdParty:1030 - CMSIS Pack Vendor :STMicroelectronics X-CUBE-AZRTOS-L4 2.0.0
2023-09-04 11:51:36,668 [INFO] ThirdParty:1030 - CMSIS Pack Vendor :STMicroelectronics FP-ATR-ASTRA1 2.0.0
2023-09-04 11:51:36,668 [INFO] ThirdParty:1030 - CMSIS Pack Vendor :WES I-CUBE-Cesium 1.3.0
2023-09-04 11:51:36,668 [INFO] ThirdParty:1030 - CMSIS Pack Vendor :STMicroelectronics X-CUBE-SFXS2LP1 4.0.0
2023-09-04 11:51:36,668 [INFO] ThirdParty:1030 - CMSIS Pack Vendor :STMicroelectronics FP-SNS-FLIGHT1 5.0.2
2023-09-04 11:51:36,668 [INFO] ThirdParty:1030 - CMSIS Pack Vendor :STMicroelectronics X-CUBE-BLE2 3.3.0
2023-09-04 11:51:36,668 [INFO] ThirdParty:1030 - CMSIS Pack Vendor :STMicroelectronics X-CUBE-TOF1 3.3.1
2023-09-04 11:51:36,668 [INFO] ThirdParty:1030 - CMSIS Pack Vendor :STMicroelectronics X-CUBE-AZRTOS-G4 2.0.0
2023-09-04 11:51:36,668 [INFO] ThirdParty:1030 - CMSIS Pack Vendor :STMicroelectronics X-CUBE-AZRTOS-H7 3.1.0
2023-09-04 11:51:36,668 [INFO] LoadServerUpdatesThread:373 - End of LoadServerUpdate Thread
2023-09-04 11:53:29,148 [INFO] MainUpdater:2868 - connection check result : 10
2023-09-04 11:53:29,679 [INFO] CheckServerUpdateThread:120 - End of CheckServer Thread
2023-09-04 11:59:09,193 [INFO] McuFinderGlobals:63 - Set McuFinder mode to 2 (CubeIDE integrated)
2023-09-04 11:59:09,203 [INFO] MainUpdater:2868 - connection check result : 10
2023-09-04 11:59:09,213 [INFO] McuFinderGlobals:76 - Set McuFinderConnectedMode to true
2023-09-04 11:59:09,423 [INFO] ServerAccessManage:473 - Download File mcusAds.json._tmp_
2023-09-04 11:59:09,531 [INFO] LoadUrlFilesThread:156 - End of LoadUrlFiles Thread
2023-09-04 11:59:11,526 [INFO] ServerAccessManage:473 - Download File cube-finder-db.zip
2023-09-04 11:59:12,864 [INFO] FileExtend:240 - Unzip File : cube-finder-db.zip
2023-09-04 11:59:12,864 [INFO] FileExtend:255 - Standard Zip Deflate
2023-09-04 11:59:13,462 [INFO] LoadUrlFilesThread:156 - End of LoadUrlFiles Thread
2023-09-04 11:59:14,508 [INFO] ServerAccessManage:473 - Download File crdb.zip
2023-09-04 11:59:15,700 [INFO] FileExtend:240 - Unzip File : crdb.zip
2023-09-04 11:59:15,701 [INFO] FileExtend:255 - Standard Zip Deflate
2023-09-04 11:59:15,839 [INFO] LoadUrlFilesThread:156 - End of LoadUrlFiles Thread
2023-09-04 11:59:17,899 [INFO] ServerAccessManage:473 - Download File tutoVideoDB.zip
2023-09-04 11:59:17,906 [INFO] FileExtend:240 - Unzip File : tutoVideoDB.zip
2023-09-04 11:59:17,907 [INFO] FileExtend:255 - Standard Zip Deflate
2023-09-04 11:59:18,028 [INFO] LoadUrlFilesThread:156 - End of LoadUrlFiles Thread
2023-09-04 11:59:18,037 [WARN] DbFile:41 - Overriding database path with different value: C:\Users\sunny\.stmcufinder\plugins\mcufinder/ => C:\Users\sunny\.stmcufinder\plugins\mcufinder
2023-09-04 11:59:18,990 [INFO] ServerAccessManage:473 - Download File api_config.json
2023-09-04 11:59:19,107 [INFO] LoadUrlFilesThread:156 - End of LoadUrlFiles Thread
2023-09-04 11:59:19,108 [INFO] DbMcusAds:53 - JSON generation date=Tue Mar 07 15:50:55 GMT+07:00 2023 (1678179055114)
2023-09-04 11:59:19,170 [INFO] ServerAccessManage:473 - Download File 
2023-09-04 11:59:19,180 [INFO] LoadUrlFilesThread:185 - End of LoadServerUrlFiles without Thread
2023-09-04 11:59:19,180 [INFO] TargetSelectorAdapter:259 - Refresh data is successful
2023-09-04 11:59:19,285 [INFO] ApiDb:581 - Connected to CubeFinder SQLite database (C:\Users\sunny\.stmcufinder\plugins\mcufinder\mcu\cube-finder-db.db)
2023-09-04 11:59:19,333 [INFO] ApiDb:668 - CubeFinder database Data Model version=2.1
2023-09-04 11:59:19,333 [INFO] ApiDb:669 - CubeFinder database Configuration version=3.0.37
2023-09-04 11:59:19,333 [INFO] ApiDb:670 - CubeFinder database generation date=2023-08-09 (1691586011)
2023-09-04 11:59:19,333 [INFO] ApiDb:671 - CubeFinder database FW Pack versions=[FP-ATR-ASTRA1_V2.0.0, FP-SNS-FLIGHT1_V5.0.1, FP-SNS-FLIGHT1_V5.0.2, FP-SNS-MOTENV1_V4.3.1, FP-SNS-MOTENV1_V4.3.2, STM32Cube_FW_C0_V1.1.0, STM32Cube_FW_F4_V1.27.1, STM32Cube_FW_F7_V1.17.0, STM32Cube_FW_G0_V1.6.1, STM32Cube_FW_G4_V1.5.1, STM32Cube_FW_H5_V0.5.1, STM32Cube_FW_H5_V1.1.0, STM32Cube_FW_H7_V1.11.0, STM32Cube_FW_L0_V1.12.2, STM32Cube_FW_L5_V1.5.0, STM32Cube_FW_U5_V1.3.0, STM32Cube_FW_U5_V1.3.0RC4, STM32Cube_FW_WBA_V1.0.0RC1, STM32Cube_FW_WBA_V1.1.0, STM32Cube_FW_WBA_V1.1.0RC1, STM32Cube_FW_WB_V1.15.0RC1, STM32Cube_FW_WB_V1.16.0, STM32Cube_FW_WB_V1.16.0RC2, STM32Cube_FW_WB_V1.17.0, STM32Cube_FW_WL_V1.3.0, X-CUBE-ALGOBUILD_V1.3.0, X-CUBE-ALS_V1.0.1, X-CUBE-AZRTOS-F4_V1.1.0, X-CUBE-AZRTOS-F7_V1.1.0, X-CUBE-AZRTOS-G0_V1.1.0, X-CUBE-AZRTOS-G4_V2.0.0, X-CUBE-AZRTOS-H7_V3.1.0, X-CUBE-AZRTOS-L4_V1.0.0, X-CUBE-AZRTOS-L4_V2.0.0, X-CUBE-AZRTOS-L5_V1.1.0, X-CUBE-AZRTOS-WB_V1.1.0, X-CUBE-AZRTOS-WL_V2.0.0, X-CUBE-BLE1_V7.0.0, X-CUBE-BLE2_V3.3.0, X-CUBE-BLEMGR_V2.0.0, X-CUBE-EEPRMA1_V4.1.0, X-CUBE-FREERTOS_V1.1.0, X-CUBE-GNSS1_V6.0.0, X-CUBE-MEMS1_V9.1.0, X-CUBE-MEMS1_V9.4.0, X-CUBE-MEMS1_V9.6.0, X-CUBE-NFC4_V3.0.0, X-CUBE-NFC7_V1.0.0, X-CUBE-SFXS2LP1_V4.0.0, X-CUBE-SUBG2_V5.0.0, X-CUBE-TOF1_V3.3.1]
2023-09-04 11:59:20,813 [INFO] ApiDb:240 - Found 323 in-development CPN: [B-G473E-ZEST1S, B-WB1M-WPAN1, B-WL5M-SUBG1, NUCLEO-C031C6, NUCLEO-H503RB, NUCLEO-H563ZI, NUCLEO-U545RE-Q, NUCLEO-U5A5ZJ-Q, NUCLEO-WBA52CG, STEVAL-PROTEUS1, STEVAL-SMARTAG2, STEVAL-STWINBX1, STM320518-EVAL, STM32C0116-DK, STM32C011D6Y3TR, STM32C011D6Y6TR, STM32C011F4P3, STM32C011F4P6, STM32C011F4U3, STM32C011F4U6TR, STM32C011F6P3, STM32C011F6P6, STM32C011F6U3, STM32C011F6U6TR, STM32C011J4M3, STM32C011J4M6, STM32C011J6M3, STM32C011J6M6, STM32C0316-DK, STM32C031C4T3, STM32C031C4T6, STM32C031C4U3, STM32C031C4U6, STM32C031C6T3, STM32C031C6T6, STM32C031C6U3, STM32C031C6U6, STM32C031F4P3, STM32C031F4P6, STM32C031F6P3, STM32C031F6P6, STM32C031G4U3, STM32C031G4U6, STM32C031G6U3, STM32C031G6U6, STM32C031K4T3, STM32C031K4T6, STM32C031K4U3, STM32C031K4U6, STM32C031K6T3, STM32C031K6T6, STM32C031K6U3, STM32C031K6U6, STM32G071K8TXN, STM32G071K8UXN, STM32G081GBU6N, STM32G081KBT6N, STM32G081KBUXN, STM32G0B1CCT6N, STM32G0B1KCT6, STM32G0B1NEY6TR, STM32G0B1RCT6N, STM32G0C1CCT6, STM32G0C1CCT6N, STM32G0C1CCU6N, STM32G0C1CET6N, STM32G0C1CEU6N, STM32G0C1KCT6, STM32G0C1NEY6TR, STM32G0C1RCI6N, STM32G0C1RCT6N, STM32G0C1REI6N, STM32G0C1RET6N, STM32G0C1VCI6, STM32G0C1VEI6, STM32G471CCT6, STM32G471CCU6, STM32G471CET3, STM32G471CET6, STM32G471CEU3, STM32G471CEU6, STM32G471MCT6, STM32G471MET3, STM32G471MET6, STM32G471MEY6TR, STM32G471QCT6, STM32G471QET3, STM32G471RCT6, STM32G471RET3, STM32G471RET6, STM32G471VCH6, STM32G471VCI6, STM32G471VCT6, STM32G471VEH3, STM32G471VEH6, STM32G471VEI3, STM32G471VEI6, STM32G471VET3, STM32G471VET6, STM32G474CCT6, STM32H503CBT6, STM32H503CBU6, STM32H503EBY6TR, STM32H503KBU6, STM32H503RBT6, STM32H562AGI6, STM32H562AII6, STM32H562IGK6, STM32H562IGT6, STM32H562IIK6, STM32H562IIT6, STM32H562RGT6, STM32H562RGV6, STM32H562RIT6, STM32H562RIV6, STM32H562VGT6, STM32H562VIT6, STM32H562ZGT6, STM32H562ZIT6, STM32H563AGI6, STM32H563AII3Q, STM32H563AII6, STM32H563IGK6, STM32H563IGT6, STM32H563IIK3Q, STM32H563IIK6, STM32H563IIT3Q, STM32H563IIT6, STM32H563MIY3QTR, STM32H563RGT6, STM32H563RGV6, STM32H563RIT6, STM32H563RIV6, STM32H563VGT6, STM32H563VIT3Q, STM32H563VIT6, STM32H563ZGT6, STM32H563ZIT3Q, STM32H563ZIT6, STM32H573AII3Q, STM32H573AII6, STM32H573I-DK, STM32H573IIK3Q, STM32H573IIK6, STM32H573IIT3Q, STM32H573IIT6, STM32H573MIY3QTR, STM32H573RIT6, STM32H573RIV6, STM32H573VIT3Q, STM32H573VIT6, STM32H573ZIT3Q, STM32H573ZIT6, STM32L4R5QGI6STR, STM32MP131AAE3, STM32MP131AAF3, STM32MP131AAG3, STM32MP131CAE3, STM32MP131CAF3, STM32MP131CAG3, STM32MP131DAE7, STM32MP131DAF7, STM32MP131DAG7, STM32MP131FAE7, STM32MP131FAF7, STM32MP131FAG7, STM32MP133AAE3, STM32MP133AAF3, STM32MP133AAG3, STM32MP133CAE3, STM32MP133CAF3, STM32MP133CAG3, STM32MP133DAE7, STM32MP133DAF7, STM32MP133DAG7, STM32MP133FAE7, STM32MP133FAF7, STM32MP133FAG7, STM32MP135AAE3, STM32MP135AAF3, STM32MP135AAG3, STM32MP135CAE3, STM32MP135CAF3, STM32MP135CAG3, STM32MP135DAE7, STM32MP135DAF7, STM32MP135DAG7, STM32MP135F-DK, STM32MP135FAE7, STM32MP135FAF7, STM32MP135FAF7T, STM32MP135FAF7U, STM32MP135FAG7, STM32U535CBT6, STM32U535CBT6Q, STM32U535CBU6, STM32U535CBU6Q, STM32U535CCT6, STM32U535CCT6Q, STM32U535CCU6, STM32U535CCU6Q, STM32U535CET6, STM32U535CET6Q, STM32U535CEU6, STM32U535CEU6Q, STM32U535JEY6QTR, STM32U535NCY6QTR, STM32U535NEY6QTR, STM32U535RBI6, STM32U535RBI6Q, STM32U535RBT6, STM32U535RBT6Q, STM32U535RCI6, STM32U535RCI6Q, STM32U535RCT6, STM32U535RCT6Q, STM32U535REI6, STM32U535REI6Q, STM32U535RET6, STM32U535RET6Q, STM32U535VCI6, STM32U535VCI6Q, STM32U535VCT6, STM32U535VCT6Q, STM32U535VEI6, STM32U535VEI6Q, STM32U535VET6, STM32U535VET6Q, STM32U545CET6, STM32U545CET6Q, STM32U545CEU6, STM32U545CEU6Q, STM32U545JEY6QTR, STM32U545NEY6QTR, STM32U545REI6, STM32U545REI6Q, STM32U545RET6, STM32U545RET6Q, STM32U545VEI6, STM32U545VEI6Q, STM32U545VET6, STM32U545VET6Q, STM32U595AIH6, STM32U595AIH6Q, STM32U595AJH6, STM32U595AJH6Q, STM32U595QII6, STM32U595QII6Q, STM32U595QJI6, STM32U595QJI6Q, STM32U595RIT6, STM32U595RIT6Q, STM32U595RJT6, STM32U595RJT6Q, STM32U595VIT6, STM32U595VIT6Q, STM32U595VJT6, STM32U595VJT6Q, STM32U595ZIT6, STM32U595ZIT6Q, STM32U595ZIY6QTR, STM32U595ZJT6, STM32U595ZJT6Q, STM32U595ZJY6QTR, STM32U599BJY6QTR, STM32U599NIH6Q, STM32U599NJH6Q, STM32U599VIT6Q, STM32U599VJT6, STM32U599VJT6Q, STM32U599ZIT6Q, STM32U599ZIY6QTR, STM32U599ZJT6Q, STM32U599ZJY6QTR, STM32U5A5AJH6, STM32U5A5AJH6Q, STM32U5A5QJI6, STM32U5A5QJI6Q, STM32U5A5RJT6, STM32U5A5RJT6Q, STM32U5A5VJT6, STM32U5A5VJT6Q, STM32U5A5ZJT6, STM32U5A5ZJT6Q, STM32U5A5ZJY6QTR, STM32U5A9BJY6QTR, STM32U5A9J-DK, STM32U5A9NJH6Q, STM32U5A9VJT6Q, STM32U5A9ZJT6Q, STM32U5A9ZJY6QTR, STM32U5F7VIT6, STM32U5F7VIT6Q, STM32U5F7VJT6, STM32U5F7VJT6Q, STM32U5F9BJY6QTR, STM32U5F9NJH6Q, STM32U5F9VIT6Q, STM32U5F9VJT6Q, STM32U5F9ZIJ6QTR, STM32U5F9ZIT6Q, STM32U5F9ZJJ6QTR, STM32U5F9ZJT6Q, STM32U5G7VJT6, STM32U5G7VJT6Q, STM32U5G9BJY6QTR, STM32U5G9J-DK1, STM32U5G9J-DK2, STM32U5G9NJH6Q, STM32U5G9VJT6Q, STM32U5G9ZJJ6QTR, STM32U5G9ZJT6Q, STM32WB1MMCH6, STM32WBA52CEU6, STM32WBA52CEU6T, STM32WBA52CGU6, STM32WBA52CGU6T, STM32WBA52KEU6, STM32WBA52KEU6T, STM32WBA52KGU6, STM32WBA52KGU6T, STM32WL5MOCH6, STM32WL5MOCH6TR]
2023-09-04 11:59:20,817 [INFO] DbMcus:217 - Found 3848 MCUs, 3848 are supported
2023-09-04 11:59:20,823 [INFO] ApiDb:414 - User favorites file not found: C:\Users\sunny/.stm32cubeide/favorites.mcus.txt
2023-09-04 11:59:20,823 [INFO] DbMcus:223 - Set 0 / 0 favorites MCUs
2023-09-04 11:59:21,014 [INFO] ApiDb:668 - CubeFinder database Data Model version=2.1
2023-09-04 11:59:21,014 [INFO] ApiDb:669 - CubeFinder database Configuration version=3.0.37
2023-09-04 11:59:21,014 [INFO] ApiDb:670 - CubeFinder database generation date=2023-08-09 (1691586011)
2023-09-04 11:59:21,014 [INFO] ApiDb:671 - CubeFinder database FW Pack versions=[FP-ATR-ASTRA1_V2.0.0, FP-SNS-FLIGHT1_V5.0.1, FP-SNS-FLIGHT1_V5.0.2, FP-SNS-MOTENV1_V4.3.1, FP-SNS-MOTENV1_V4.3.2, STM32Cube_FW_C0_V1.1.0, STM32Cube_FW_F4_V1.27.1, STM32Cube_FW_F7_V1.17.0, STM32Cube_FW_G0_V1.6.1, STM32Cube_FW_G4_V1.5.1, STM32Cube_FW_H5_V0.5.1, STM32Cube_FW_H5_V1.1.0, STM32Cube_FW_H7_V1.11.0, STM32Cube_FW_L0_V1.12.2, STM32Cube_FW_L5_V1.5.0, STM32Cube_FW_U5_V1.3.0, STM32Cube_FW_U5_V1.3.0RC4, STM32Cube_FW_WBA_V1.0.0RC1, STM32Cube_FW_WBA_V1.1.0, STM32Cube_FW_WBA_V1.1.0RC1, STM32Cube_FW_WB_V1.15.0RC1, STM32Cube_FW_WB_V1.16.0, STM32Cube_FW_WB_V1.16.0RC2, STM32Cube_FW_WB_V1.17.0, STM32Cube_FW_WL_V1.3.0, X-CUBE-ALGOBUILD_V1.3.0, X-CUBE-ALS_V1.0.1, X-CUBE-AZRTOS-F4_V1.1.0, X-CUBE-AZRTOS-F7_V1.1.0, X-CUBE-AZRTOS-G0_V1.1.0, X-CUBE-AZRTOS-G4_V2.0.0, X-CUBE-AZRTOS-H7_V3.1.0, X-CUBE-AZRTOS-L4_V1.0.0, X-CUBE-AZRTOS-L4_V2.0.0, X-CUBE-AZRTOS-L5_V1.1.0, X-CUBE-AZRTOS-WB_V1.1.0, X-CUBE-AZRTOS-WL_V2.0.0, X-CUBE-BLE1_V7.0.0, X-CUBE-BLE2_V3.3.0, X-CUBE-BLEMGR_V2.0.0, X-CUBE-EEPRMA1_V4.1.0, X-CUBE-FREERTOS_V1.1.0, X-CUBE-GNSS1_V6.0.0, X-CUBE-MEMS1_V9.1.0, X-CUBE-MEMS1_V9.4.0, X-CUBE-MEMS1_V9.6.0, X-CUBE-NFC4_V3.0.0, X-CUBE-NFC7_V1.0.0, X-CUBE-SFXS2LP1_V4.0.0, X-CUBE-SUBG2_V5.0.0, X-CUBE-TOF1_V3.3.1]
2023-09-04 11:59:21,056 [INFO] DbBoardsSqlite:226 - include board P-NUCLEO-WB55-NUCLEO as a kit item of type 'Nucleo-64'
2023-09-04 11:59:21,056 [INFO] DbBoardsSqlite:226 - include board P-NUCLEO-WB55-USBDONGLE as a kit item of type 'Nucleo USB Dongle'
2023-09-04 11:59:21,056 [INFO] DbBoardsSqlite:226 - include board STEVAL-IDP005V1 as a kit item of type 'Evaluation Board'
2023-09-04 11:59:21,057 [INFO] DbBoardsSqlite:226 - include board STEVAL-IDP005V2 as a kit item of type 'Evaluation Board'
2023-09-04 11:59:21,092 [INFO] ApiDb:240 - Found 323 in-development CPN: [B-G473E-ZEST1S, B-WB1M-WPAN1, B-WL5M-SUBG1, NUCLEO-C031C6, NUCLEO-H503RB, NUCLEO-H563ZI, NUCLEO-U545RE-Q, NUCLEO-U5A5ZJ-Q, NUCLEO-WBA52CG, STEVAL-PROTEUS1, STEVAL-SMARTAG2, STEVAL-STWINBX1, STM320518-EVAL, STM32C0116-DK, STM32C011D6Y3TR, STM32C011D6Y6TR, STM32C011F4P3, STM32C011F4P6, STM32C011F4U3, STM32C011F4U6TR, STM32C011F6P3, STM32C011F6P6, STM32C011F6U3, STM32C011F6U6TR, STM32C011J4M3, STM32C011J4M6, STM32C011J6M3, STM32C011J6M6, STM32C0316-DK, STM32C031C4T3, STM32C031C4T6, STM32C031C4U3, STM32C031C4U6, STM32C031C6T3, STM32C031C6T6, STM32C031C6U3, STM32C031C6U6, STM32C031F4P3, STM32C031F4P6, STM32C031F6P3, STM32C031F6P6, STM32C031G4U3, STM32C031G4U6, STM32C031G6U3, STM32C031G6U6, STM32C031K4T3, STM32C031K4T6, STM32C031K4U3, STM32C031K4U6, STM32C031K6T3, STM32C031K6T6, STM32C031K6U3, STM32C031K6U6, STM32G071K8TXN, STM32G071K8UXN, STM32G081GBU6N, STM32G081KBT6N, STM32G081KBUXN, STM32G0B1CCT6N, STM32G0B1KCT6, STM32G0B1NEY6TR, STM32G0B1RCT6N, STM32G0C1CCT6, STM32G0C1CCT6N, STM32G0C1CCU6N, STM32G0C1CET6N, STM32G0C1CEU6N, STM32G0C1KCT6, STM32G0C1NEY6TR, STM32G0C1RCI6N, STM32G0C1RCT6N, STM32G0C1REI6N, STM32G0C1RET6N, STM32G0C1VCI6, STM32G0C1VEI6, STM32G471CCT6, STM32G471CCU6, STM32G471CET3, STM32G471CET6, STM32G471CEU3, STM32G471CEU6, STM32G471MCT6, STM32G471MET3, STM32G471MET6, STM32G471MEY6TR, STM32G471QCT6, STM32G471QET3, STM32G471RCT6, STM32G471RET3, STM32G471RET6, STM32G471VCH6, STM32G471VCI6, STM32G471VCT6, STM32G471VEH3, STM32G471VEH6, STM32G471VEI3, STM32G471VEI6, STM32G471VET3, STM32G471VET6, STM32G474CCT6, STM32H503CBT6, STM32H503CBU6, STM32H503EBY6TR, STM32H503KBU6, STM32H503RBT6, STM32H562AGI6, STM32H562AII6, STM32H562IGK6, STM32H562IGT6, STM32H562IIK6, STM32H562IIT6, STM32H562RGT6, STM32H562RGV6, STM32H562RIT6, STM32H562RIV6, STM32H562VGT6, STM32H562VIT6, STM32H562ZGT6, STM32H562ZIT6, STM32H563AGI6, STM32H563AII3Q, STM32H563AII6, STM32H563IGK6, STM32H563IGT6, STM32H563IIK3Q, STM32H563IIK6, STM32H563IIT3Q, STM32H563IIT6, STM32H563MIY3QTR, STM32H563RGT6, STM32H563RGV6, STM32H563RIT6, STM32H563RIV6, STM32H563VGT6, STM32H563VIT3Q, STM32H563VIT6, STM32H563ZGT6, STM32H563ZIT3Q, STM32H563ZIT6, STM32H573AII3Q, STM32H573AII6, STM32H573I-DK, STM32H573IIK3Q, STM32H573IIK6, STM32H573IIT3Q, STM32H573IIT6, STM32H573MIY3QTR, STM32H573RIT6, STM32H573RIV6, STM32H573VIT3Q, STM32H573VIT6, STM32H573ZIT3Q, STM32H573ZIT6, STM32L4R5QGI6STR, STM32MP131AAE3, STM32MP131AAF3, STM32MP131AAG3, STM32MP131CAE3, STM32MP131CAF3, STM32MP131CAG3, STM32MP131DAE7, STM32MP131DAF7, STM32MP131DAG7, STM32MP131FAE7, STM32MP131FAF7, STM32MP131FAG7, STM32MP133AAE3, STM32MP133AAF3, STM32MP133AAG3, STM32MP133CAE3, STM32MP133CAF3, STM32MP133CAG3, STM32MP133DAE7, STM32MP133DAF7, STM32MP133DAG7, STM32MP133FAE7, STM32MP133FAF7, STM32MP133FAG7, STM32MP135AAE3, STM32MP135AAF3, STM32MP135AAG3, STM32MP135CAE3, STM32MP135CAF3, STM32MP135CAG3, STM32MP135DAE7, STM32MP135DAF7, STM32MP135DAG7, STM32MP135F-DK, STM32MP135FAE7, STM32MP135FAF7, STM32MP135FAF7T, STM32MP135FAF7U, STM32MP135FAG7, STM32U535CBT6, STM32U535CBT6Q, STM32U535CBU6, STM32U535CBU6Q, STM32U535CCT6, STM32U535CCT6Q, STM32U535CCU6, STM32U535CCU6Q, STM32U535CET6, STM32U535CET6Q, STM32U535CEU6, STM32U535CEU6Q, STM32U535JEY6QTR, STM32U535NCY6QTR, STM32U535NEY6QTR, STM32U535RBI6, STM32U535RBI6Q, STM32U535RBT6, STM32U535RBT6Q, STM32U535RCI6, STM32U535RCI6Q, STM32U535RCT6, STM32U535RCT6Q, STM32U535REI6, STM32U535REI6Q, STM32U535RET6, STM32U535RET6Q, STM32U535VCI6, STM32U535VCI6Q, STM32U535VCT6, STM32U535VCT6Q, STM32U535VEI6, STM32U535VEI6Q, STM32U535VET6, STM32U535VET6Q, STM32U545CET6, STM32U545CET6Q, STM32U545CEU6, STM32U545CEU6Q, STM32U545JEY6QTR, STM32U545NEY6QTR, STM32U545REI6, STM32U545REI6Q, STM32U545RET6, STM32U545RET6Q, STM32U545VEI6, STM32U545VEI6Q, STM32U545VET6, STM32U545VET6Q, STM32U595AIH6, STM32U595AIH6Q, STM32U595AJH6, STM32U595AJH6Q, STM32U595QII6, STM32U595QII6Q, STM32U595QJI6, STM32U595QJI6Q, STM32U595RIT6, STM32U595RIT6Q, STM32U595RJT6, STM32U595RJT6Q, STM32U595VIT6, STM32U595VIT6Q, STM32U595VJT6, STM32U595VJT6Q, STM32U595ZIT6, STM32U595ZIT6Q, STM32U595ZIY6QTR, STM32U595ZJT6, STM32U595ZJT6Q, STM32U595ZJY6QTR, STM32U599BJY6QTR, STM32U599NIH6Q, STM32U599NJH6Q, STM32U599VIT6Q, STM32U599VJT6, STM32U599VJT6Q, STM32U599ZIT6Q, STM32U599ZIY6QTR, STM32U599ZJT6Q, STM32U599ZJY6QTR, STM32U5A5AJH6, STM32U5A5AJH6Q, STM32U5A5QJI6, STM32U5A5QJI6Q, STM32U5A5RJT6, STM32U5A5RJT6Q, STM32U5A5VJT6, STM32U5A5VJT6Q, STM32U5A5ZJT6, STM32U5A5ZJT6Q, STM32U5A5ZJY6QTR, STM32U5A9BJY6QTR, STM32U5A9J-DK, STM32U5A9NJH6Q, STM32U5A9VJT6Q, STM32U5A9ZJT6Q, STM32U5A9ZJY6QTR, STM32U5F7VIT6, STM32U5F7VIT6Q, STM32U5F7VJT6, STM32U5F7VJT6Q, STM32U5F9BJY6QTR, STM32U5F9NJH6Q, STM32U5F9VIT6Q, STM32U5F9VJT6Q, STM32U5F9ZIJ6QTR, STM32U5F9ZIT6Q, STM32U5F9ZJJ6QTR, STM32U5F9ZJT6Q, STM32U5G7VJT6, STM32U5G7VJT6Q, STM32U5G9BJY6QTR, STM32U5G9J-DK1, STM32U5G9J-DK2, STM32U5G9NJH6Q, STM32U5G9VJT6Q, STM32U5G9ZJJ6QTR, STM32U5G9ZJT6Q, STM32WB1MMCH6, STM32WBA52CEU6, STM32WBA52CEU6T, STM32WBA52CGU6, STM32WBA52CGU6T, STM32WBA52KEU6, STM32WBA52KEU6T, STM32WBA52KGU6, STM32WBA52KGU6T, STM32WL5MOCH6, STM32WL5MOCH6TR]
2023-09-04 11:59:21,208 [INFO] BoardInfo:880 - No configuration file found for board P-NUCLEO-WB55
2023-09-04 11:59:21,208 [INFO] DbBoards:157 - Kit is not supported: P-NUCLEO-WB55
2023-09-04 11:59:21,212 [INFO] BoardInfo:880 - No configuration file found for board STEVAL-BFA001V1B
2023-09-04 11:59:21,212 [INFO] DbBoards:157 - Kit is not supported: STEVAL-BFA001V1B
2023-09-04 11:59:21,213 [INFO] BoardInfo:880 - No configuration file found for board STEVAL-BFA001V2B
2023-09-04 11:59:21,213 [INFO] DbBoards:157 - Kit is not supported: STEVAL-BFA001V2B
2023-09-04 11:59:21,322 [INFO] DbBoards:161 - Found 190 boards, 187 are supported
2023-09-04 11:59:21,323 [INFO] ApiDb:414 - User favorites file not found: C:\Users\sunny/.stm32cubeide/favorites.boards.txt
2023-09-04 11:59:21,323 [INFO] DbBoards:190 - Set 0 / 0 favorites Boards
2023-09-04 11:59:21,325 [INFO] ApiDb:668 - CubeFinder database Data Model version=2.1
2023-09-04 11:59:21,325 [INFO] ApiDb:669 - CubeFinder database Configuration version=3.0.37
2023-09-04 11:59:21,325 [INFO] ApiDb:670 - CubeFinder database generation date=2023-08-09 (1691586011)
2023-09-04 11:59:21,325 [INFO] ApiDb:671 - CubeFinder database FW Pack versions=[FP-ATR-ASTRA1_V2.0.0, FP-SNS-FLIGHT1_V5.0.1, FP-SNS-FLIGHT1_V5.0.2, FP-SNS-MOTENV1_V4.3.1, FP-SNS-MOTENV1_V4.3.2, STM32Cube_FW_C0_V1.1.0, STM32Cube_FW_F4_V1.27.1, STM32Cube_FW_F7_V1.17.0, STM32Cube_FW_G0_V1.6.1, STM32Cube_FW_G4_V1.5.1, STM32Cube_FW_H5_V0.5.1, STM32Cube_FW_H5_V1.1.0, STM32Cube_FW_H7_V1.11.0, STM32Cube_FW_L0_V1.12.2, STM32Cube_FW_L5_V1.5.0, STM32Cube_FW_U5_V1.3.0, STM32Cube_FW_U5_V1.3.0RC4, STM32Cube_FW_WBA_V1.0.0RC1, STM32Cube_FW_WBA_V1.1.0, STM32Cube_FW_WBA_V1.1.0RC1, STM32Cube_FW_WB_V1.15.0RC1, STM32Cube_FW_WB_V1.16.0, STM32Cube_FW_WB_V1.16.0RC2, STM32Cube_FW_WB_V1.17.0, STM32Cube_FW_WL_V1.3.0, X-CUBE-ALGOBUILD_V1.3.0, X-CUBE-ALS_V1.0.1, X-CUBE-AZRTOS-F4_V1.1.0, X-CUBE-AZRTOS-F7_V1.1.0, X-CUBE-AZRTOS-G0_V1.1.0, X-CUBE-AZRTOS-G4_V2.0.0, X-CUBE-AZRTOS-H7_V3.1.0, X-CUBE-AZRTOS-L4_V1.0.0, X-CUBE-AZRTOS-L4_V2.0.0, X-CUBE-AZRTOS-L5_V1.1.0, X-CUBE-AZRTOS-WB_V1.1.0, X-CUBE-AZRTOS-WL_V2.0.0, X-CUBE-BLE1_V7.0.0, X-CUBE-BLE2_V3.3.0, X-CUBE-BLEMGR_V2.0.0, X-CUBE-EEPRMA1_V4.1.0, X-CUBE-FREERTOS_V1.1.0, X-CUBE-GNSS1_V6.0.0, X-CUBE-MEMS1_V9.1.0, X-CUBE-MEMS1_V9.4.0, X-CUBE-MEMS1_V9.6.0, X-CUBE-NFC4_V3.0.0, X-CUBE-NFC7_V1.0.0, X-CUBE-SFXS2LP1_V4.0.0, X-CUBE-SUBG2_V5.0.0, X-CUBE-TOF1_V3.3.1]
2023-09-04 11:59:21,914 [INFO] DbExamplesSqlite:395 - Ignored 27 examples not supported by CubeIDE
2023-09-04 11:59:21,914 [INFO] DbExamplesSqlite:396 - Found 7231 examples active
2023-09-04 11:59:21,914 [INFO] DbExamplesSqlite:397 - Found 677 examples obsolete
2023-09-04 11:59:21,914 [INFO] DbExamplesSqlite:398 - Found 0 examples under development
2023-09-04 11:59:21,915 [INFO] DbExamplesSqlite:399 - Found 74 examples not building
2023-09-04 11:59:21,916 [INFO] DbExamples:125 - Found 7278 examples
2023-09-04 11:59:21,926 [INFO] DbExamples:222 - Found 92 boards with related examples
2023-09-04 11:59:21,926 [INFO] DbExamples:235 - Found 78 MCUs with related examples
2023-09-04 11:59:21,943 [INFO] ApiDb:414 - User favorites file not found: C:\Users\sunny/.stm32cubeide/favorites.examples.txt
2023-09-04 11:59:21,944 [INFO] DbExamples:250 - Set 0 / 0 favorites Examples
2023-09-04 11:59:22,265 [INFO] McuFinderGlobals:76 - Set McuFinderConnectedMode to true
2023-09-04 11:59:22,275 [INFO] MultiScanPanel:200 - Auto-refresh data requested => check proxy status ongoing
2023-09-04 11:59:22,278 [INFO] FinderPluginLoader:95 - Searching for filters in installed packs
2023-09-04 11:59:23,325 [INFO] LoadUrlFilesThread:185 - End of LoadServerUrlFiles without Thread
2023-09-04 11:59:23,332 [INFO] DetailPanel:341 - Set advertising image to C:/Users/sunny/STM32Cube/Repository/\en.prom-stm32h5-mcu-finder.jpg
2023-09-04 12:00:38,839 [INFO] McuFinderGlobals:76 - Set McuFinderConnectedMode to true
2023-09-04 12:00:39,024 [INFO] ApiDb:448 - Save user favorites file C:\Users\sunny/.stm32cubeide/favorites.mcus.txt: 0 item(s)
2023-09-04 12:00:39,024 [INFO] ApiDb:452 - User favorites MCUs=[]
2023-09-04 12:00:54,608 [INFO] MainUpdater:2868 - connection check result : 10
2023-09-04 12:00:54,674 [INFO] McuFinderGlobals:76 - Set McuFinderConnectedMode to true
2023-09-04 12:00:54,675 [INFO] MultiScanPanel:200 - Auto-refresh data requested => check proxy status ongoing
2023-09-04 12:00:54,675 [INFO] FinderPluginLoader:95 - Searching for filters in installed packs
2023-09-04 12:00:55,271 [INFO] LoadUrlFilesThread:185 - End of LoadServerUrlFiles without Thread
2023-09-04 12:00:55,271 [INFO] DetailPanel:341 - Set advertising image to C:/Users/sunny/STM32Cube/Repository/\en.prom-stm32h5-mcu-finder.jpg
2023-09-04 12:00:58,831 [INFO] ApiDb:581 - Connected to CubeFinder SQLite database (C:\Users\sunny\.stmcufinder\plugins\mcufinder\mcu\cube-finder-db.db)
2023-09-04 12:02:13,555 [INFO] McuFinderGlobals:76 - Set McuFinderConnectedMode to true
2023-09-04 12:02:13,717 [INFO] ApiDb:448 - Save user favorites file C:\Users\sunny/.stm32cubeide/favorites.mcus.txt: 0 item(s)
2023-09-04 12:02:13,717 [INFO] ApiDb:452 - User favorites MCUs=[]
2023-09-04 12:03:08,398 [INFO] MainUpdater:2868 - connection check result : 10
2023-09-04 12:03:08,566 [INFO] CheckServerUpdateThread:120 - End of CheckServer Thread
2023-09-04 12:05:15,174 [INFO] MainUpdater:2868 - connection check result : 10
2023-09-04 12:05:15,244 [INFO] McuFinderGlobals:76 - Set McuFinderConnectedMode to true
2023-09-04 12:05:15,245 [INFO] MultiScanPanel:200 - Auto-refresh data requested => check proxy status ongoing
2023-09-04 12:05:15,245 [INFO] FinderPluginLoader:95 - Searching for filters in installed packs
2023-09-04 12:05:15,616 [INFO] LoadUrlFilesThread:185 - End of LoadServerUrlFiles without Thread
2023-09-04 12:05:15,616 [INFO] DetailPanel:341 - Set advertising image to C:/Users/sunny/STM32Cube/Repository/\en.prom-stm32h5-mcu-finder.jpg
2023-09-04 12:07:53,821 [INFO] McuResultTable:1395 - Mark MCU STM32F767ZIT6 as favorite
2023-09-04 12:10:05,609 [INFO] MainUpdater:2868 - connection check result : 10
2023-09-04 12:10:05,609 [INFO] MainUpdater:2868 - connection check result : 10
2023-09-04 12:10:19,646 [INFO] MicroXplorer:468 - Change Database Path : 
2023-09-04 12:10:19,646 [INFO] MicroXplorer:498 - Change Database Version : DB.6.0.90
2023-09-04 12:10:19,648 [WARN] ThirdParty:871 - waiting for thirdparty lock release [close project]
2023-09-04 12:10:19,648 [INFO] ThirdParty:873 - entering critical section [close project]
2023-09-04 12:10:19,649 [INFO] ThirdParty:883 - exiting critical section [close project]
2023-09-04 12:10:19,650 [INFO] PinOutPanel:1499 - setPackage(No Configuration,No Configuration)
2023-09-04 12:10:19,654 [INFO] UtilMem:75 - Begin LoadConfig() Used Memory: 800683728 Bytes (1073741824)
2023-09-04 12:10:19,655 [INFO] MicroXplorer:468 - Change Database Path : 
2023-09-04 12:10:19,655 [INFO] MicroXplorer:498 - Change Database Version : DB.6.0.90
2023-09-04 12:10:19,655 [INFO] OpenFileManager:308 - Change cursor
2023-09-04 12:10:19,662 [WARN] IntegrityCheckThread:84 - waiting for thirdparty lock release [integrity check]
2023-09-04 12:10:19,662 [INFO] IntegrityCheckThread:86 - entering critical section [integrity check]
2023-09-04 12:10:19,769 [WARN] PackLoader:240 - Cannot read IP mode file for STMicroelectronics.X-CUBE-SMBUS.2.1.0
2023-09-04 12:10:19,782 [WARN] PackLoader:240 - Cannot read IP mode file for STMicroelectronics.X-CUBE-AZRTOS-F7.1.1.0
2023-09-04 12:10:19,796 [WARN] PackLoader:240 - Cannot read IP mode file for STMicroelectronics.FP-SNS-MOTENV1.4.3.2
2023-09-04 12:10:19,809 [WARN] PackLoader:240 - Cannot read IP mode file for STMicroelectronics.FP-SNS-FLIGHT1.5.0.2
2023-09-04 12:10:19,821 [WARN] PackLoader:240 - Cannot read IP mode file for STMicroelectronics.X-CUBE-DISPLAY.3.0.0
2023-09-04 12:10:19,834 [WARN] PackLoader:240 - Cannot read IP mode file for STMicroelectronics.X-CUBE-BLE1.7.0.0
2023-09-04 12:10:19,840 [WARN] PackLoader:240 - Cannot read IP mode file for emotas.I-CUBE-CANOPEN.1.3.0
2023-09-04 12:10:19,849 [WARN] PackLoader:240 - Cannot read IP mode file for STMicroelectronics.X-CUBE-TOUCHGFX.4.22.0
2023-09-04 12:10:19,858 [INFO] LogOutputStream:77 - [STDOUT_REDIRECT] 1 : Invalid condition id : UX_CORESTACK_Condition cause : null
2023-09-04 12:10:19,859 [INFO] LogOutputStream:77 - [STDOUT_REDIRECT] 1 : Invalid condition id : UX_CORESTACK_Condition cause : null
2023-09-04 12:10:19,860 [INFO] LogOutputStream:77 - [STDOUT_REDIRECT] 1 : Invalid condition id : UX_CORESTACK_Condition cause : null
2023-09-04 12:10:19,861 [INFO] LogOutputStream:77 - [STDOUT_REDIRECT] 1 : Invalid condition id : UX_CORESTACK_Condition cause : null
2023-09-04 12:10:19,862 [INFO] LogOutputStream:77 - [STDOUT_REDIRECT] 1 : Invalid condition id : UX_CORESTACK_Condition cause : null
2023-09-04 12:10:19,865 [WARN] PackLoader:240 - Cannot read IP mode file for STMicroelectronics.X-CUBE-AZRTOS-WL.2.0.0
2023-09-04 12:10:19,870 [WARN] PackLoader:240 - Cannot read IP mode file for WES.I-CUBE-Cesium.1.3.0
2023-09-04 12:10:19,880 [WARN] PackLoader:240 - Cannot read IP mode file for STMicroelectronics.X-CUBE-BLE2.3.3.0
2023-09-04 12:10:19,891 [WARN] PackLoader:240 - Cannot read IP mode file for STMicroelectronics.X-CUBE-ALGOBUILD.1.3.0
2023-09-04 12:10:19,902 [WARN] PackLoader:240 - Cannot read IP mode file for STMicroelectronics.X-CUBE-AZRTOS-G0.1.1.0
2023-09-04 12:10:19,913 [WARN] PackLoader:240 - Cannot read IP mode file for STMicroelectronics.X-CUBE-NFC4.3.0.0
2023-09-04 12:10:19,917 [WARN] PackLoader:240 - Cannot read IP mode file for STMicroelectronics.FP-ATR-SIGFOX1.3.2.0
2023-09-04 12:10:19,937 [WARN] PackLoader:240 - Cannot read IP mode file for SEGGER.I-CUBE-embOS.1.3.1
2023-09-04 12:10:19,962 [WARN] PackLoader:240 - Cannot read IP mode file for STMicroelectronics.X-CUBE-GNSS1.6.0.0
2023-09-04 12:10:19,974 [WARN] PackLoader:240 - Cannot read IP mode file for STMicroelectronics.X-CUBE-AZRTOS-F4.1.1.0
2023-09-04 12:10:19,979 [WARN] PackLoader:240 - Cannot read IP mode file for wolfSSL.I-CUBE-wolfSSL.5.6.3
2023-09-04 12:10:19,988 [WARN] PackLoader:240 - Cannot read IP mode file for STMicroelectronics.X-CUBE-AZRTOS-L5.2.0.0
2023-09-04 12:10:20,023 [WARN] PackLoader:240 - Cannot read IP mode file for STMicroelectronics.X-CUBE-MEMS1.9.6.0
2023-09-04 12:10:20,114 [WARN] PackLoader:240 - Cannot read IP mode file for STMicroelectronics.X-CUBE-BLEMGR.2.0.0
2023-09-04 12:10:20,137 [WARN] ConditionMgr:438 - getConditionDescription Invalid condition id : UX DEVICE CLASS RTOS Condition cause : null
2023-09-04 12:10:20,138 [WARN] ConditionMgr:438 - getConditionDescription Invalid condition id : UX DEVICE CLASS RTOS Condition cause : null
2023-09-04 12:10:20,139 [WARN] PackLoader:240 - Cannot read IP mode file for STMicroelectronics.X-CUBE-AZRTOS-H7.3.1.0
2023-09-04 12:10:20,139 [WARN] ConditionMgr:1039 - genDependencies : Invalid condition id : UX DEVICE CLASS RTOS Condition cause : null
2023-09-04 12:10:20,139 [WARN] ConditionMgr:1039 - genDependencies : Invalid condition id : UX DEVICE CLASS RTOS Condition cause : null
2023-09-04 12:10:20,140 [WARN] ConditionMgr:1039 - genDependencies : Invalid condition id : UX DEVICE CLASS RTOS Condition cause : null
2023-09-04 12:10:20,140 [WARN] ConditionMgr:1039 - genDependencies : Invalid condition id : UX DEVICE CLASS RTOS Condition cause : null
2023-09-04 12:10:20,140 [WARN] ConditionMgr:1039 - genDependencies : Invalid condition id : UX DEVICE CLASS RTOS Condition cause : null
2023-09-04 12:10:20,150 [WARN] PackLoader:240 - Cannot read IP mode file for STMicroelectronics.X-CUBE-NFC7.1.0.1
2023-09-04 12:10:20,160 [WARN] PackLoader:240 - Cannot read IP mode file for STMicroelectronics.X-CUBE-EEPRMA1.4.1.0
2023-09-04 12:10:20,170 [WARN] PackLoader:240 - Cannot read IP mode file for STMicroelectronics.X-CUBE-AI.8.1.0
2023-09-04 12:10:20,180 [WARN] ConditionMgr:438 - getConditionDescription Invalid condition id : LAN8742 Phy interface Condition cause : null
2023-09-04 12:10:20,180 [WARN] PackLoader:240 - Cannot read IP mode file for STMicroelectronics.X-CUBE-AZRTOS-L4.2.0.0
2023-09-04 12:10:20,181 [WARN] ConditionMgr:1039 - genDependencies : Invalid condition id : LAN8742 Phy interface Condition cause : null
2023-09-04 12:10:20,181 [WARN] ConditionMgr:1039 - genDependencies : Invalid condition id : LAN8742 Phy interface Condition cause : null
2023-09-04 12:10:20,181 [WARN] ConditionMgr:1039 - genDependencies : Invalid condition id : LAN8742 Phy interface Condition cause : null
2023-09-04 12:10:20,193 [WARN] PackLoader:240 - Cannot read IP mode file for STMicroelectronics.X-CUBE-SFXS2LP1.4.0.0
2023-09-04 12:10:20,204 [WARN] PackLoader:240 - Cannot read IP mode file for STMicroelectronics.X-CUBE-ISPU.1.1.0
2023-09-04 12:10:20,212 [WARN] ConditionMgr:438 - getConditionDescription Invalid condition id : UX DEVICE CLASS RTOS Condition cause : null
2023-09-04 12:10:20,212 [WARN] ConditionMgr:438 - getConditionDescription Invalid condition id : UX DEVICE CLASS RTOS Condition cause : null
2023-09-04 12:10:20,213 [WARN] PackLoader:240 - Cannot read IP mode file for STMicroelectronics.X-CUBE-AZRTOS-WB.2.0.0
2023-09-04 12:10:20,214 [WARN] ConditionMgr:1039 - genDependencies : Invalid condition id : UX DEVICE CLASS RTOS Condition cause : null
2023-09-04 12:10:20,214 [WARN] ConditionMgr:1039 - genDependencies : Invalid condition id : UX DEVICE CLASS RTOS Condition cause : null
2023-09-04 12:10:20,214 [WARN] ConditionMgr:1039 - genDependencies : Invalid condition id : UX DEVICE CLASS RTOS Condition cause : null
2023-09-04 12:10:20,214 [WARN] ConditionMgr:1039 - genDependencies : Invalid condition id : UX DEVICE CLASS RTOS Condition cause : null
2023-09-04 12:10:20,214 [WARN] ConditionMgr:1039 - genDependencies : Invalid condition id : UX DEVICE CLASS RTOS Condition cause : null
2023-09-04 12:10:20,228 [WARN] PackLoader:240 - Cannot read IP mode file for STMicroelectronics.X-CUBE-SUBG2.5.0.0
2023-09-04 12:10:20,243 [WARN] PackLoader:240 - Cannot read IP mode file for STMicroelectronics.X-CUBE-TOF1.3.3.1
2023-09-04 12:10:20,255 [WARN] PackLoader:240 - Cannot read IP mode file for STMicroelectronics.X-CUBE-AZRTOS-G4.2.0.0
2023-09-04 12:10:20,266 [WARN] PackLoader:240 - Cannot read IP mode file for STMicroelectronics.X-CUBE-FREERTOS.1.1.0
2023-09-04 12:10:20,269 [WARN] PackLoader:240 - Cannot read IP mode file for portGmbH.I-Cube-SoM-uGOAL.1.1.0
2023-09-04 12:10:20,278 [WARN] PackLoader:240 - Cannot read IP mode file for STMicroelectronics.X-CUBE-ALS.1.0.1
2023-09-04 12:10:20,281 [WARN] PackLoader:240 - Cannot read IP mode file for STMicroelectronics.FP-ATR-ASTRA1.2.0.0
2023-09-04 12:10:20,281 [INFO] ThirdParty:978 - Integrity check success = true
2023-09-04 12:10:20,281 [INFO] IntegrityCheckThread:100 - exiting critical section [integrity check]
2023-09-04 12:10:20,281 [INFO] IntegrityCheckThread:103 - End integrity checks thread
2023-09-04 12:10:20,305 [INFO] Mcu:1946 - Initializing MCU STM32F767ZITx STM32F767ZITx STM32F767ZIT6
2023-09-04 12:10:22,327 [INFO] Context:659 - Trying to add GPIOservice into a context  which must be forbidden
2023-09-04 12:10:22,869 [INFO] ImportTextPane:194 - (OptionalMessage_ERROR) Unable to find key (Mcu.ThirdPartyNb) in loaded IOC file
2023-09-04 12:10:22,869 [INFO] ImportTextPane:194 - (OptionalMessage_ERROR) Unable to find key (Mcu.PinsNb) in loaded IOC file
2023-09-04 12:10:22,869 [INFO] ImportTextPane:194 - (OptionalMessage_ERROR) Unable to find key (Mcu.IPNb) in loaded IOC file
2023-09-04 12:10:23,065 [INFO] RtosManager:555 - Registered RTOS mode: class=CMSIS, group=RTOS, mode=CMSIS_V1, owner=FREERTOS
2023-09-04 12:10:23,065 [INFO] RtosManager:555 - Registered RTOS mode: class=CMSIS, group=RTOS2, mode=CMSIS_V2, owner=FREERTOS
2023-09-04 12:10:23,065 [INFO] RtosManager:555 - Registered RTOS mode: class=RTOS, group=Core, mode=CMSIS_V1, owner=FREERTOS
2023-09-04 12:10:23,065 [INFO] RtosManager:555 - Registered RTOS mode: class=RTOS, group=Core, mode=CMSIS_V2, owner=FREERTOS
2023-09-04 12:10:23,065 [WARN] ModelIntegratedComponent:184 - Missing modes for component STMicroelectronics:FreeRTOS:0.0.1:STMicroelectronics:RTOS:FreeRTOS:Core:::10.2.0:
2023-09-04 12:10:23,075 [WARN] ModelIntegratedComponent:63 - No mode defined for component null
2023-09-04 12:10:23,075 [WARN] ModelIntegratedComponent:63 - No mode defined for component null
2023-09-04 12:10:23,075 [WARN] ModelIntegratedComponent:63 - No mode defined for component null
2023-09-04 12:10:23,075 [WARN] ModelIntegratedComponent:63 - No mode defined for component null
2023-09-04 12:10:23,075 [WARN] ModelIntegratedComponent:63 - No mode defined for component null
2023-09-04 12:10:23,075 [WARN] ModelIntegratedComponent:63 - No mode defined for component null
2023-09-04 12:10:23,075 [WARN] ModelIntegratedComponent:63 - No mode defined for component null
2023-09-04 12:10:23,075 [WARN] ModelIntegratedComponent:63 - No mode defined for component null
2023-09-04 12:10:23,075 [WARN] ModelIntegratedComponent:63 - No mode defined for component null
2023-09-04 12:10:23,075 [WARN] ModelIntegratedComponent:63 - No mode defined for component null
2023-09-04 12:10:23,075 [WARN] ModelIntegratedComponent:63 - No mode defined for component null
2023-09-04 12:10:23,075 [WARN] ModelIntegratedComponent:63 - No mode defined for component null
2023-09-04 12:10:23,075 [WARN] ModelIntegratedComponent:63 - No mode defined for component null
2023-09-04 12:10:23,075 [WARN] ModelIntegratedComponent:63 - No mode defined for component null
2023-09-04 12:10:23,075 [WARN] ModelIntegratedComponent:63 - No mode defined for component null
2023-09-04 12:10:23,075 [WARN] ModelIntegratedComponent:63 - No mode defined for component null
2023-09-04 12:10:23,075 [WARN] ModelIntegratedComponent:63 - No mode defined for component null
2023-09-04 12:10:23,075 [WARN] ModelIntegratedComponent:63 - No mode defined for component null
2023-09-04 12:10:23,076 [WARN] ModelIntegratedComponent:63 - No mode defined for component null
2023-09-04 12:10:23,076 [WARN] ModelIntegratedComponent:63 - No mode defined for component null
2023-09-04 12:10:23,076 [WARN] ModelIntegratedComponent:63 - No mode defined for component null
2023-09-04 12:10:23,076 [WARN] ModelIntegratedComponent:63 - No mode defined for component null
2023-09-04 12:10:23,076 [WARN] ModelIntegratedComponent:63 - No mode defined for component null
2023-09-04 12:10:23,076 [WARN] ModelIntegratedComponent:63 - No mode defined for component null
2023-09-04 12:10:23,076 [WARN] ModelIntegratedComponent:63 - No mode defined for component null
2023-09-04 12:10:23,076 [WARN] ModelIntegratedComponent:63 - No mode defined for component null
2023-09-04 12:10:23,076 [WARN] ModelIntegratedComponent:63 - No mode defined for component null
2023-09-04 12:10:23,076 [WARN] ModelIntegratedComponent:63 - No mode defined for component null
2023-09-04 12:10:23,076 [WARN] ModelIntegratedComponent:63 - No mode defined for component null
2023-09-04 12:10:23,076 [WARN] ModelIntegratedComponent:63 - No mode defined for component null
2023-09-04 12:10:23,076 [WARN] ModelIntegratedComponent:63 - No mode defined for component null
2023-09-04 12:10:23,076 [WARN] ModelIntegratedComponent:63 - No mode defined for component null
2023-09-04 12:10:23,076 [WARN] ModelIntegratedComponent:63 - No mode defined for component null
2023-09-04 12:10:23,092 [INFO] ThirdPartyModel:298 - Start build external matchings
2023-09-04 12:10:23,374 [INFO] ThirdPartyModel:316 - End build external matchings
2023-09-04 12:10:23,714 [INFO] UtilMem:75 - End LoadConfig() Used Memory: 795700952 Bytes (1073741824)
2023-09-04 12:10:23,739 [WARN] ThirdParty:833 - waiting for thirdparty lock release [change project]
2023-09-04 12:10:23,739 [INFO] ThirdParty:835 - entering critical section [change project]
2023-09-04 12:10:23,739 [INFO] ThirdParty:1030 - CMSIS Pack Vendor :STMicroelectronics X-CUBE-ISPU 1.1.0
2023-09-04 12:10:23,739 [INFO] ThirdParty:1030 - CMSIS Pack Vendor :STMicroelectronics USBPD 4.1
2023-09-04 12:10:23,739 [INFO] ThirdParty:1030 - CMSIS Pack Vendor :STMicroelectronics X-CUBE-GNSS1 6.0.0
2023-09-04 12:10:23,739 [INFO] ThirdParty:1030 - CMSIS Pack Vendor :STMicroelectronics USB_HOST 2.0.0
2023-09-04 12:10:23,739 [INFO] ThirdParty:1030 - CMSIS Pack Vendor :STMicroelectronics X-CUBE-AZRTOS-F4 1.1.0
2023-09-04 12:10:23,739 [INFO] ThirdParty:1030 - CMSIS Pack Vendor :STMicroelectronics LIBJPEG 8.0.0
2023-09-04 12:10:23,739 [INFO] ThirdParty:1030 - CMSIS Pack Vendor :wolfSSL I-CUBE-wolfSSL 5.6.3
2023-09-04 12:10:23,739 [INFO] ThirdParty:1030 - CMSIS Pack Vendor :STMicroelectronics X-CUBE-SMBUS 2.1.0
2023-09-04 12:10:23,739 [INFO] ThirdParty:1030 - CMSIS Pack Vendor :STMicroelectronics USB_DEVICE 3.0.0
2023-09-04 12:10:23,739 [INFO] ThirdParty:1030 - CMSIS Pack Vendor :STMicroelectronics X-CUBE-AZRTOS-WB 2.0.0
2023-09-04 12:10:23,740 [INFO] ThirdParty:1030 - CMSIS Pack Vendor :STMicroelectronics X-CUBE-AZRTOS-F7 1.1.0
2023-09-04 12:10:23,740 [INFO] ThirdParty:1030 - CMSIS Pack Vendor :STMicroelectronics X-CUBE-AZRTOS-L5 2.0.0
2023-09-04 12:10:23,740 [INFO] ThirdParty:1030 - CMSIS Pack Vendor :STMicroelectronics USB_DEVICE 2.0.0
2023-09-04 12:10:23,740 [INFO] ThirdParty:1030 - CMSIS Pack Vendor :STMicroelectronics X-CUBE-MEMS1 9.6.0
2023-09-04 12:10:23,740 [INFO] ThirdParty:1030 - CMSIS Pack Vendor :STMicroelectronics FP-SNS-MOTENV1 4.3.2
2023-09-04 12:10:23,740 [INFO] ThirdParty:1030 - CMSIS Pack Vendor :STMicroelectronics X-CUBE-ALGOBUILD 1.3.0
2023-09-04 12:10:23,740 [INFO] ThirdParty:1030 - CMSIS Pack Vendor :STMicroelectronics FreeRTOS 0.0.1
2023-09-04 12:10:23,740 [INFO] ThirdParty:1030 - CMSIS Pack Vendor :STMicroelectronics X-CUBE-AZRTOS-G0 1.1.0
2023-09-04 12:10:23,740 [INFO] ThirdParty:1030 - CMSIS Pack Vendor :STMicroelectronics X-CUBE-BLEMGR 2.0.0
2023-09-04 12:10:23,740 [INFO] ThirdParty:1030 - CMSIS Pack Vendor :STMicroelectronics X-CUBE-NFC4 3.0.0
2023-09-04 12:10:23,740 [INFO] ThirdParty:1030 - CMSIS Pack Vendor :STMicroelectronics X-CUBE-SUBG2 5.0.0
2023-09-04 12:10:23,740 [INFO] ThirdParty:1030 - CMSIS Pack Vendor :STMicroelectronics STM32_WPAN 1.0.0
2023-09-04 12:10:23,740 [INFO] ThirdParty:1030 - CMSIS Pack Vendor :STMicroelectronics lwIP 2.0.3
2023-09-04 12:10:23,740 [INFO] ThirdParty:1030 - CMSIS Pack Vendor :STMicroelectronics FP-SNS-FLIGHT1 5.0.2
2023-09-04 12:10:23,740 [INFO] ThirdParty:1030 - CMSIS Pack Vendor :STMicroelectronics USB_HOST 1.0.0
2023-09-04 12:10:23,740 [INFO] ThirdParty:1030 - CMSIS Pack Vendor :STMicroelectronics X-CUBE-TOF1 3.3.1
2023-09-04 12:10:23,740 [INFO] ThirdParty:1030 - CMSIS Pack Vendor :STMicroelectronics X-CUBE-AZRTOS-G4 2.0.0
2023-09-04 12:10:23,740 [INFO] ThirdParty:1030 - CMSIS Pack Vendor :STMicroelectronics PDM2PCM 3.1.0
2023-09-04 12:10:23,740 [INFO] ThirdParty:1030 - CMSIS Pack Vendor :STMicroelectronics X-CUBE-AZRTOS-H7 3.1.0
2023-09-04 12:10:23,740 [INFO] ThirdParty:1030 - CMSIS Pack Vendor :STMicroelectronics PDM2PCM 3.3.0
2023-09-04 12:10:23,740 [INFO] ThirdParty:1030 - CMSIS Pack Vendor :STMicroelectronics X-CUBE-DISPLAY 3.0.0
2023-09-04 12:10:23,740 [INFO] ThirdParty:1030 - CMSIS Pack Vendor :STMicroelectronics X-CUBE-BLE1 7.0.0
2023-09-04 12:10:23,740 [INFO] ThirdParty:1030 - CMSIS Pack Vendor :STMicroelectronics FP-ATR-SIGFOX1 3.2.0
2023-09-04 12:10:23,740 [INFO] ThirdParty:1030 - CMSIS Pack Vendor :STMicroelectronics HAL Drivers 0.0.0
2023-09-04 12:10:23,740 [INFO] ThirdParty:1030 - CMSIS Pack Vendor :STMicroelectronics MBEDTLS 2.16.2
2023-09-04 12:10:23,740 [INFO] ThirdParty:1030 - CMSIS Pack Vendor :emotas I-CUBE-CANOPEN 1.3.0
2023-09-04 12:10:23,740 [INFO] ThirdParty:1030 - CMSIS Pack Vendor :STMicroelectronics X-CUBE-FREERTOS 1.1.0
2023-09-04 12:10:23,740 [INFO] ThirdParty:1030 - CMSIS Pack Vendor :STMicroelectronics X-CUBE-TOUCHGFX 4.22.0
2023-09-04 12:10:23,740 [INFO] ThirdParty:1030 - CMSIS Pack Vendor :STMicroelectronics X-CUBE-NFC7 1.0.1
2023-09-04 12:10:23,740 [INFO] ThirdParty:1030 - CMSIS Pack Vendor :STMicroelectronics MBEDTLS 2.14.1
2023-09-04 12:10:23,741 [INFO] ThirdParty:1030 - CMSIS Pack Vendor :STMicroelectronics X-CUBE-EEPRMA1 4.1.0
2023-09-04 12:10:23,741 [INFO] ThirdParty:1030 - CMSIS Pack Vendor :portGmbH I-Cube-SoM-uGOAL 1.1.0
2023-09-04 12:10:23,741 [INFO] ThirdParty:1030 - CMSIS Pack Vendor :STMicroelectronics X-CUBE-ALS 1.0.1
2023-09-04 12:10:23,741 [INFO] ThirdParty:1030 - CMSIS Pack Vendor :STMicroelectronics ThreadX 1.0.0
2023-09-04 12:10:23,741 [INFO] ThirdParty:1030 - CMSIS Pack Vendor :STMicroelectronics X-CUBE-AZRTOS-WL 2.0.0
2023-09-04 12:10:23,741 [INFO] ThirdParty:1030 - CMSIS Pack Vendor :SEGGER I-CUBE-embOS 1.3.1
2023-09-04 12:10:23,741 [INFO] ThirdParty:1030 - CMSIS Pack Vendor :STMicroelectronics USB_DEVICE 1.0.0
2023-09-04 12:10:23,741 [INFO] ThirdParty:1030 - CMSIS Pack Vendor :STMicroelectronics X-CUBE-AI 8.1.0
2023-09-04 12:10:23,741 [INFO] ThirdParty:1030 - CMSIS Pack Vendor :STMicroelectronics X-CUBE-AZRTOS-L4 2.0.0
2023-09-04 12:10:23,741 [INFO] ThirdParty:1030 - CMSIS Pack Vendor :STMicroelectronics ThreadX 0.0.2
2023-09-04 12:10:23,741 [INFO] ThirdParty:1030 - CMSIS Pack Vendor :WES I-CUBE-Cesium 1.3.0
2023-09-04 12:10:23,741 [INFO] ThirdParty:1030 - CMSIS Pack Vendor :STMicroelectronics FP-ATR-ASTRA1 2.0.0
2023-09-04 12:10:23,741 [INFO] ThirdParty:1030 - CMSIS Pack Vendor :STMicroelectronics lwIP 2.1.2
2023-09-04 12:10:23,741 [INFO] ThirdParty:1030 - CMSIS Pack Vendor :STMicroelectronics X-CUBE-SFXS2LP1 4.0.0
2023-09-04 12:10:23,741 [INFO] ThirdParty:1030 - CMSIS Pack Vendor :STMicroelectronics X-CUBE-BLE2 3.3.0
2023-09-04 12:10:23,741 [INFO] ThirdParty:1030 - CMSIS Pack Vendor :STMicroelectronics PDM2PCM 3.2.0
2023-09-04 12:10:23,741 [INFO] ThirdParty:841 - exiting critical section [change project]
2023-09-04 12:10:24,057 [INFO] PinOutPanel:1499 - setPackage(No Configuration,No Configuration)
2023-09-04 12:10:24,058 [INFO] PinOutPanel:1499 - setPackage(STM32F767ZITx,LQFP144)
2023-09-04 12:10:24,541 [INFO] UtilMem:75 - Before build in PCC Used Memory: 709907440 Bytes (1073741824)
2023-09-04 12:10:25,039 [INFO] UtilMem:75 - After build in PCC Used Memory: 810044400 Bytes (1073741824)
2023-09-04 12:10:25,063 [INFO] IPUIPlugin:80 - create IPUIPlugin
2023-09-04 12:10:25,063 [INFO] IPUIPlugin:80 - create IPUIPlugin
2023-09-04 12:10:25,063 [INFO] IPUIPlugin:80 - create IPUIPlugin
2023-09-04 12:10:25,063 [INFO] IPUIPlugin:80 - create IPUIPlugin
2023-09-04 12:10:25,063 [INFO] IPUIPlugin:80 - create IPUIPlugin
2023-09-04 12:10:25,063 [INFO] IPUIPlugin:80 - create IPUIPlugin
2023-09-04 12:10:25,063 [INFO] IPUIPlugin:80 - create IPUIPlugin
2023-09-04 12:10:25,063 [INFO] IPUIPlugin:80 - create IPUIPlugin
2023-09-04 12:10:25,064 [INFO] IPUIPlugin:80 - create IPUIPlugin
2023-09-04 12:10:25,064 [INFO] IPUIPlugin:80 - create IPUIPlugin
2023-09-04 12:10:25,064 [INFO] IPUIPlugin:80 - create IPUIPlugin
2023-09-04 12:10:25,064 [INFO] IPUIPlugin:80 - create IPUIPlugin
2023-09-04 12:10:25,064 [INFO] IPUIPlugin:80 - create IPUIPlugin
2023-09-04 12:10:25,064 [INFO] IPUIPlugin:80 - create IPUIPlugin
2023-09-04 12:10:25,064 [INFO] IPUIPlugin:80 - create IPUIPlugin
2023-09-04 12:10:25,064 [INFO] IPUIPlugin:80 - create IPUIPlugin
2023-09-04 12:10:25,064 [INFO] IPUIPlugin:80 - create IPUIPlugin
2023-09-04 12:10:25,064 [INFO] IPUIPlugin:80 - create IPUIPlugin
2023-09-04 12:10:25,064 [INFO] IPUIPlugin:80 - create IPUIPlugin
2023-09-04 12:10:25,065 [INFO] IPUIPlugin:80 - create IPUIPlugin
2023-09-04 12:10:25,065 [INFO] IPUIPlugin:80 - create IPUIPlugin
2023-09-04 12:10:25,065 [INFO] IPUIPlugin:80 - create IPUIPlugin
2023-09-04 12:10:25,065 [INFO] IPUIPlugin:80 - create IPUIPlugin
2023-09-04 12:10:25,065 [INFO] IPUIPlugin:80 - create IPUIPlugin
2023-09-04 12:10:25,065 [INFO] IPUIPlugin:80 - create IPUIPlugin
2023-09-04 12:10:25,065 [INFO] IPUIPlugin:80 - create IPUIPlugin
2023-09-04 12:10:25,066 [INFO] IPUIPlugin:80 - create IPUIPlugin
2023-09-04 12:10:25,066 [INFO] IPUIPlugin:80 - create IPUIPlugin
2023-09-04 12:10:25,066 [INFO] IPUIPlugin:80 - create IPUIPlugin
2023-09-04 12:10:25,067 [INFO] IPUIPlugin:80 - create IPUIPlugin
2023-09-04 12:10:25,067 [INFO] IPUIPlugin:80 - create IPUIPlugin
2023-09-04 12:10:25,067 [INFO] IPUIPlugin:80 - create IPUIPlugin
2023-09-04 12:10:25,067 [INFO] IPUIPlugin:80 - create IPUIPlugin
2023-09-04 12:10:25,068 [INFO] IPUIPlugin:80 - create IPUIPlugin
2023-09-04 12:10:25,068 [INFO] IPUIPlugin:80 - create IPUIPlugin
2023-09-04 12:10:25,068 [INFO] IPUIPlugin:80 - create IPUIPlugin
2023-09-04 12:10:25,068 [INFO] IPUIPlugin:80 - create IPUIPlugin
2023-09-04 12:10:25,069 [INFO] IPUIPlugin:80 - create IPUIPlugin
2023-09-04 12:10:25,069 [INFO] IPUIPlugin:80 - create IPUIPlugin
2023-09-04 12:10:25,070 [INFO] IPUIPlugin:80 - create IPUIPlugin
2023-09-04 12:10:25,070 [INFO] IPUIPlugin:80 - create IPUIPlugin
2023-09-04 12:10:25,070 [INFO] IPUIPlugin:80 - create IPUIPlugin
2023-09-04 12:10:25,070 [INFO] IPUIPlugin:80 - create IPUIPlugin
2023-09-04 12:10:25,070 [INFO] IPUIPlugin:80 - create IPUIPlugin
2023-09-04 12:10:25,071 [INFO] IPUIPlugin:80 - create IPUIPlugin
2023-09-04 12:10:25,071 [INFO] IPUIPlugin:80 - create IPUIPlugin
2023-09-04 12:10:25,071 [INFO] IPUIPlugin:80 - create IPUIPlugin
2023-09-04 12:10:25,071 [INFO] IPUIPlugin:80 - create IPUIPlugin
2023-09-04 12:10:25,071 [INFO] IPUIPlugin:80 - create IPUIPlugin
2023-09-04 12:10:25,072 [INFO] IPUIPlugin:80 - create IPUIPlugin
2023-09-04 12:10:25,072 [INFO] IPUIPlugin:80 - create IPUIPlugin
2023-09-04 12:10:25,072 [INFO] IPUIPlugin:80 - create IPUIPlugin
2023-09-04 12:10:25,072 [INFO] IPUIPlugin:80 - create IPUIPlugin
2023-09-04 12:10:25,072 [INFO] IPUIPlugin:80 - create IPUIPlugin
2023-09-04 12:10:25,073 [INFO] IPUIPlugin:80 - create IPUIPlugin
2023-09-04 12:10:25,073 [INFO] IPUIPlugin:80 - create IPUIPlugin
2023-09-04 12:10:25,073 [INFO] IPUIPlugin:80 - create IPUIPlugin
2023-09-04 12:10:25,073 [INFO] IPUIPlugin:80 - create IPUIPlugin
2023-09-04 12:10:25,073 [INFO] IPUIPlugin:80 - create IPUIPlugin
2023-09-04 12:10:25,074 [INFO] IPUIPlugin:80 - create IPUIPlugin
2023-09-04 12:10:25,074 [INFO] IPUIPlugin:80 - create IPUIPlugin
2023-09-04 12:10:25,074 [INFO] IPUIPlugin:80 - create IPUIPlugin
2023-09-04 12:10:25,074 [INFO] IPUIPlugin:80 - create IPUIPlugin
2023-09-04 12:10:25,075 [INFO] IPUIPlugin:80 - create IPUIPlugin
2023-09-04 12:10:25,075 [INFO] IPUIPlugin:80 - create IPUIPlugin
2023-09-04 12:10:25,075 [INFO] IPUIPlugin:80 - create IPUIPlugin
2023-09-04 12:10:25,075 [INFO] IPUIPlugin:80 - create IPUIPlugin
2023-09-04 12:10:25,076 [INFO] IPUIPlugin:80 - create IPUIPlugin
2023-09-04 12:10:25,076 [INFO] IPUIPlugin:80 - create IPUIPlugin
2023-09-04 12:10:25,076 [INFO] IPUIPlugin:80 - create IPUIPlugin
2023-09-04 12:10:25,076 [INFO] IPUIPlugin:80 - create IPUIPlugin
2023-09-04 12:10:25,077 [INFO] IPUIPlugin:80 - create IPUIPlugin
2023-09-04 12:10:25,077 [INFO] IPUIPlugin:80 - create IPUIPlugin
2023-09-04 12:10:25,077 [INFO] IPUIPlugin:80 - create IPUIPlugin
2023-09-04 12:10:25,078 [INFO] IPUIPlugin:80 - create IPUIPlugin
2023-09-04 12:10:25,078 [INFO] IPUIPlugin:80 - create IPUIPlugin
2023-09-04 12:10:25,078 [INFO] IPUIPlugin:80 - create IPUIPlugin
2023-09-04 12:10:25,079 [INFO] IPUIPlugin:80 - create IPUIPlugin
2023-09-04 12:10:25,079 [INFO] IPUIPlugin:80 - create IPUIPlugin
2023-09-04 12:10:25,139 [INFO] ApiDbMcu:507 - Load IP Config File for PDM2PCM
2023-09-04 12:10:25,256 [INFO] CADModel:165 - CPN selected for project levelSTM32F767ZIT6
2023-09-04 12:10:25,256 [INFO] CADModel:114 - Register for checkConnection events
2023-09-04 12:10:25,302 [INFO] OpenFileManager:328 - Restore cursor
2023-09-04 12:10:27,215 [INFO] UtilMem:75 - End SaveConfig() Used Memory: 539746720 Bytes (1073741824)
2023-09-04 12:10:38,740 [INFO] AnalyticsPlugin:368 - Accepted License(s): [FW.F7.1.17.0]
2023-09-04 12:10:38,740 [INFO] FileExtend:240 - Unzip File : stm32cube_fw_f7_v1170.zip
2023-09-04 12:10:38,740 [INFO] FileExtend:255 - Standard Zip Deflate
2023-09-04 12:11:25,843 [INFO] ServerAccessManage:473 - Download File stm32cube_fw_f7_v1171.zip
2023-09-04 12:11:28,852 [INFO] FileExtend:240 - Unzip File : stm32cube_fw_f7_v1171.zip
2023-09-04 12:11:28,852 [INFO] FileExtend:255 - Standard Zip Deflate
2023-09-04 12:11:31,529 [INFO] LoadServerPackagesThread:196 - End of LoadServerPackages Thread
2023-09-04 12:11:31,666 [INFO] ThirdPartyModel:298 - Start build external matchings
2023-09-04 12:11:31,678 [INFO] UtilMem:75 - End SaveConfig() Used Memory: 838014760 Bytes (1073741824)
2023-09-04 12:11:32,246 [INFO] ThirdPartyModel:316 - End build external matchings
2023-09-04 12:11:32,259 [INFO] CheckServerUpdateThread:120 - End of CheckServer Thread
2023-09-04 12:11:32,306 [INFO] BlockDiagram:2759 - set Specific Code input for plugin: RCC
2023-09-04 12:11:32,306 [INFO] BlockDiagram:2759 - set Specific Code input for plugin: NVIC
2023-09-04 12:11:32,306 [INFO] BlockDiagram:2759 - set Specific Code input for plugin: CORTEX_M7
2023-09-04 12:11:32,308 [INFO] CodeGenerator:799 - code generatio: config db path: C:\ST\STM32CubeIDE_1.13.0\STM32CubeIDE\plugins\com.st.stm32cube.common.mx_6.9.0.202307051724\\db\
2023-09-04 12:11:32,560 [INFO] CodeEngine:255 - oldGeneratedFile, C:\Users\sunny\STM32CubeIDE\MAD_Lab\Lab01\MXTmpFiles\license.tmp_save
2023-09-04 12:11:32,866 [INFO] CodeEngine:279 - Generated code: C:\Users\sunny\STM32CubeIDE\MAD_Lab\Lab01\MXTmpFiles\license.tmp
2023-09-04 12:11:32,971 [INFO] CodeEngine:255 - oldGeneratedFile, C:\Users\sunny\STM32CubeIDE\MAD_Lab\Lab01\MXTmpFiles\cortex.tmp_save
2023-09-04 12:11:33,097 [INFO] CodeEngine:279 - Generated code: C:\Users\sunny\STM32CubeIDE\MAD_Lab\Lab01\MXTmpFiles\cortex.tmp
2023-09-04 12:11:33,116 [INFO] CodeEngine:255 - oldGeneratedFile, C:\Users\sunny\STM32CubeIDE\MAD_Lab\Lab01\Core\Src\stm32f7xx_it.c_save
2023-09-04 12:11:33,281 [INFO] CodeEngine:279 - Generated code: C:\Users\sunny\STM32CubeIDE\MAD_Lab\Lab01\Core\Src\stm32f7xx_it.c
2023-09-04 12:11:33,292 [INFO] CodeEngine:255 - oldGeneratedFile, C:\Users\sunny\STM32CubeIDE\MAD_Lab\Lab01\Core\Inc\stm32f7xx_it.h_save
2023-09-04 12:11:33,371 [INFO] CodeEngine:279 - Generated code: C:\Users\sunny\STM32CubeIDE\MAD_Lab\Lab01\Core\Inc\stm32f7xx_it.h
2023-09-04 12:11:33,404 [INFO] CodeEngine:255 - oldGeneratedFile, C:\Users\sunny\STM32CubeIDE\MAD_Lab\Lab01\Core\Src\stm32f7xx_hal_msp.c_save
2023-09-04 12:11:33,535 [INFO] CodeEngine:279 - Generated code: C:\Users\sunny\STM32CubeIDE\MAD_Lab\Lab01\Core\Src\stm32f7xx_hal_msp.c
2023-09-04 12:11:33,544 [INFO] CodeEngine:255 - oldGeneratedFile, C:\Users\sunny\STM32CubeIDE\MAD_Lab\Lab01\MXTmpFiles\system.tmp_save
2023-09-04 12:11:33,605 [INFO] CodeEngine:279 - Generated code: C:\Users\sunny\STM32CubeIDE\MAD_Lab\Lab01\MXTmpFiles\system.tmp
2023-09-04 12:11:33,621 [INFO] CodeEngine:311 - oldGeneratedFile, C:\Users\sunny\STM32CubeIDE\MAD_Lab\Lab01\Core\Inc\stm32f7xx_hal_conf.h_save
2023-09-04 12:11:33,717 [INFO] CodeEngine:335 - Generated code: C:\Users\sunny\STM32CubeIDE\MAD_Lab\Lab01\Core\Inc\stm32f7xx_hal_conf.h
2023-09-04 12:11:33,773 [INFO] CodeEngine:255 - oldGeneratedFile, C:\Users\sunny\STM32CubeIDE\MAD_Lab\Lab01\Core\Inc\main.h_save
2023-09-04 12:11:33,901 [INFO] CodeEngine:279 - Generated code: C:\Users\sunny\STM32CubeIDE\MAD_Lab\Lab01\Core\Inc\main.h
2023-09-04 12:11:33,913 [INFO] CodeEngine:255 - oldGeneratedFile, C:\Users\sunny\STM32CubeIDE\MAD_Lab\Lab01\Core\Src\main.c_save
2023-09-04 12:11:34,035 [INFO] CodeEngine:279 - Generated code: C:\Users\sunny\STM32CubeIDE\MAD_Lab\Lab01\Core\Src\main.c
2023-09-04 12:11:34,547 [INFO] ProjectBuilder:3064 - Time for Copy HAL[1] : 100mS.
2023-09-04 12:11:34,552 [INFO] ProjectBuilder:4404 - Project Generator version: 4.1.0
2023-09-04 12:11:34,713 [INFO] ConfigFileManager:1457 - The Die is : DIE451
2023-09-04 12:11:34,725 [INFO] ApiDbMcu:507 - Load IP Config File for FATFS
2023-09-04 12:11:34,735 [INFO] ApiDbMcu:507 - Load IP Config File for FREERTOS
2023-09-04 12:11:34,743 [INFO] ApiDbMcu:507 - Load IP Config File for LIBJPEG
2023-09-04 12:11:34,754 [INFO] ApiDbMcu:507 - Load IP Config File for LWIP
2023-09-04 12:11:34,764 [INFO] ApiDbMcu:507 - Load IP Config File for MBEDTLS
2023-09-04 12:11:34,777 [INFO] ApiDbMcu:507 - Load IP Config File for USB_DEVICE
2023-09-04 12:11:34,787 [INFO] ApiDbMcu:507 - Load IP Config File for USB_HOST
2023-09-04 12:11:35,785 [INFO] LogOutputStream:77 - [STDOUT_REDIRECT] 
2023-09-04 12:11:41,170 [INFO] ProjectBuilder:4626 - Time for Generating toolchain IDE Files: 6616mS.
2023-09-04 12:11:41,170 [INFO] ProjectBuilder:2935 - Time for Copy CMSIS : 0mS.
2023-09-04 12:11:41,171 [INFO] ProjectBuilder:2935 - Time for Copy CMSIS : 0mS.
2023-09-04 12:11:41,992 [INFO] McuFinderGlobals:76 - Set McuFinderConnectedMode to true
2023-09-04 12:11:42,002 [INFO] ApiDb:448 - Save user favorites file C:\Users\sunny/.stm32cubeide/favorites.mcus.txt: 1 item(s)
2023-09-04 12:11:42,002 [INFO] ApiDb:452 - User favorites MCUs=[STM32F767ZIT6]
2023-09-04 12:50:12,136 [INFO] UtilMem:75 - End SaveConfig() Used Memory: 706893824 Bytes (1073741824)
2023-09-04 12:50:14,986 [INFO] UtilMem:75 - End SaveConfig() Used Memory: 770856960 Bytes (1073741824)
2023-09-04 12:50:15,094 [INFO] UtilMem:75 - End SaveConfig() Used Memory: 807030784 Bytes (1073741824)
2023-09-04 12:50:15,284 [INFO] BlockDiagram:2759 - set Specific Code input for plugin: RCC
2023-09-04 12:50:15,285 [INFO] BlockDiagram:2759 - set Specific Code input for plugin: NVIC
2023-09-04 12:50:15,285 [INFO] BlockDiagram:2759 - set Specific Code input for plugin: CORTEX_M7
2023-09-04 12:50:15,286 [INFO] CodeGenerator:799 - code generatio: config db path: C:\ST\STM32CubeIDE_1.13.0\STM32CubeIDE\plugins\com.st.stm32cube.common.mx_6.9.0.202307051724\\db\
2023-09-04 12:50:15,509 [INFO] CodeEngine:255 - oldGeneratedFile, C:\Users\sunny\STM32CubeIDE\MAD_Lab\Lab01\MXTmpFiles\license.tmp_save
2023-09-04 12:50:15,616 [INFO] CodeEngine:279 - Generated code: C:\Users\sunny\STM32CubeIDE\MAD_Lab\Lab01\MXTmpFiles\license.tmp
2023-09-04 12:50:15,635 [INFO] CodeEngine:255 - oldGeneratedFile, C:\Users\sunny\STM32CubeIDE\MAD_Lab\Lab01\MXTmpFiles\cortex.tmp_save
2023-09-04 12:50:15,736 [INFO] CodeEngine:279 - Generated code: C:\Users\sunny\STM32CubeIDE\MAD_Lab\Lab01\MXTmpFiles\cortex.tmp
2023-09-04 12:50:15,764 [INFO] CodeEngine:255 - oldGeneratedFile, C:\Users\sunny\STM32CubeIDE\MAD_Lab\Lab01\Core\Src\stm32f7xx_it.c_save
2023-09-04 12:50:15,913 [INFO] CodeEngine:279 - Generated code: C:\Users\sunny\STM32CubeIDE\MAD_Lab\Lab01\Core\Src\stm32f7xx_it.c
2023-09-04 12:50:15,923 [INFO] CodeEngine:255 - oldGeneratedFile, C:\Users\sunny\STM32CubeIDE\MAD_Lab\Lab01\Core\Inc\stm32f7xx_it.h_save
2023-09-04 12:50:15,989 [INFO] CodeEngine:279 - Generated code: C:\Users\sunny\STM32CubeIDE\MAD_Lab\Lab01\Core\Inc\stm32f7xx_it.h
2023-09-04 12:50:16,016 [INFO] CodeEngine:255 - oldGeneratedFile, C:\Users\sunny\STM32CubeIDE\MAD_Lab\Lab01\Core\Src\stm32f7xx_hal_msp.c_save
2023-09-04 12:50:16,101 [INFO] CodeEngine:279 - Generated code: C:\Users\sunny\STM32CubeIDE\MAD_Lab\Lab01\Core\Src\stm32f7xx_hal_msp.c
2023-09-04 12:50:16,110 [INFO] CodeEngine:255 - oldGeneratedFile, C:\Users\sunny\STM32CubeIDE\MAD_Lab\Lab01\MXTmpFiles\system.tmp_save
2023-09-04 12:50:16,162 [INFO] CodeEngine:279 - Generated code: C:\Users\sunny\STM32CubeIDE\MAD_Lab\Lab01\MXTmpFiles\system.tmp
2023-09-04 12:50:16,183 [INFO] CodeEngine:311 - oldGeneratedFile, C:\Users\sunny\STM32CubeIDE\MAD_Lab\Lab01\Core\Inc\stm32f7xx_hal_conf.h_save
2023-09-04 12:50:16,266 [INFO] CodeEngine:335 - Generated code: C:\Users\sunny\STM32CubeIDE\MAD_Lab\Lab01\Core\Inc\stm32f7xx_hal_conf.h
2023-09-04 12:50:16,308 [INFO] CodeEngine:255 - oldGeneratedFile, C:\Users\sunny\STM32CubeIDE\MAD_Lab\Lab01\Core\Inc\main.h_save
2023-09-04 12:50:16,396 [INFO] CodeEngine:279 - Generated code: C:\Users\sunny\STM32CubeIDE\MAD_Lab\Lab01\Core\Inc\main.h
2023-09-04 12:50:16,418 [INFO] CodeEngine:255 - oldGeneratedFile, C:\Users\sunny\STM32CubeIDE\MAD_Lab\Lab01\Core\Src\main.c_save
2023-09-04 12:50:16,516 [INFO] CodeEngine:279 - Generated code: C:\Users\sunny\STM32CubeIDE\MAD_Lab\Lab01\Core\Src\main.c
2023-09-04 12:50:16,926 [INFO] ProjectBuilder:3064 - Time for Copy HAL[1] : 114mS.
2023-09-04 12:50:16,929 [INFO] ProjectBuilder:4404 - Project Generator version: 4.1.0
2023-09-04 12:50:17,068 [INFO] ConfigFileManager:1457 - The Die is : DIE451
2023-09-04 12:50:18,517 [INFO] ProjectBuilder:4626 - Time for Generating toolchain IDE Files: 1589mS.
2023-09-04 12:50:18,518 [INFO] ProjectBuilder:2935 - Time for Copy CMSIS : 0mS.
2023-09-04 12:50:18,520 [INFO] ProjectBuilder:2935 - Time for Copy CMSIS : 0mS.
